{"/Users/arustarawaratit/chatbotapp/frontend/src/app/page.tsx": {"path":"/Users/arustarawaratit/chatbotapp/frontend/src/app/page.tsx","statementMap":{"0":{"start":{"line":6,"column":24},"end":{"line":6,"column":null}},"1":{"start":{"line":3,"column":26},"end":{"line":3,"column":null}},"2":{"start":{"line":4,"column":19},"end":{"line":4,"column":null}}},"fnMap":{"0":{"name":"Home","decl":{"start":{"line":6,"column":24},"end":{"line":6,"column":null}},"loc":{"start":{"line":6,"column":24},"end":{"line":27,"column":null}}}},"branchMap":{},"s":{"0":0,"1":0,"2":0},"f":{"0":0},"b":{}}
,"/Users/arustarawaratit/chatbotapp/frontend/src/app/demo/page.tsx": {"path":"/Users/arustarawaratit/chatbotapp/frontend/src/app/demo/page.tsx","statementMap":{"0":{"start":{"line":11,"column":24},"end":{"line":11,"column":null}},"1":{"start":{"line":3,"column":25},"end":{"line":3,"column":null}},"2":{"start":{"line":4,"column":28},"end":{"line":4,"column":null}},"3":{"start":{"line":5,"column":28},"end":{"line":5,"column":null}},"4":{"start":{"line":12,"column":44},"end":{"line":12,"column":null}},"5":{"start":{"line":13,"column":56},"end":{"line":13,"column":null}},"6":{"start":{"line":15,"column":31},"end":{"line":17,"column":null}},"7":{"start":{"line":16,"column":4},"end":{"line":16,"column":null}},"8":{"start":{"line":19,"column":32},"end":{"line":22,"column":null}},"9":{"start":{"line":20,"column":4},"end":{"line":20,"column":null}},"10":{"start":{"line":21,"column":4},"end":{"line":21,"column":null}},"11":{"start":{"line":21,"column":29},"end":{"line":21,"column":null}}},"fnMap":{"0":{"name":"DemoPage","decl":{"start":{"line":11,"column":24},"end":{"line":11,"column":null}},"loc":{"start":{"line":11,"column":24},"end":{"line":171,"column":null}}},"1":{"name":"(anonymous_3)","decl":{"start":{"line":15,"column":31},"end":{"line":15,"column":32}},"loc":{"start":{"line":15,"column":32},"end":{"line":17,"column":null}}},"2":{"name":"(anonymous_4)","decl":{"start":{"line":19,"column":32},"end":{"line":19,"column":null}},"loc":{"start":{"line":19,"column":32},"end":{"line":22,"column":null}}},"3":{"name":"(anonymous_5)","decl":{"start":{"line":21,"column":21},"end":{"line":21,"column":29}},"loc":{"start":{"line":21,"column":29},"end":{"line":21,"column":null}}}},"branchMap":{"0":{"loc":{"start":{"line":58,"column":23},"end":{"line":58,"column":null}},"type":"cond-expr","locations":[{"start":{"line":58,"column":35},"end":{"line":58,"column":50}},{"start":{"line":58,"column":50},"end":{"line":58,"column":null}}]},"1":{"loc":{"start":{"line":66,"column":13},"end":{"line":66,"column":null}},"type":"binary-expr","locations":[{"start":{"line":66,"column":13},"end":{"line":66,"column":null}}]},"2":{"loc":{"start":{"line":101,"column":9},"end":{"line":101,"column":null}},"type":"binary-expr","locations":[{"start":{"line":101,"column":9},"end":{"line":101,"column":null}}]}},"s":{"0":0,"1":0,"2":0,"3":0,"4":0,"5":0,"6":0,"7":0,"8":0,"9":0,"10":0,"11":0},"f":{"0":0,"1":0,"2":0,"3":0},"b":{"0":[0,0],"1":[0],"2":[0]}}
,"/Users/arustarawaratit/chatbotapp/frontend/src/components/BotAvatar.tsx": {"path":"/Users/arustarawaratit/chatbotapp/frontend/src/components/BotAvatar.tsx","statementMap":{"0":{"start":{"line":17,"column":13},"end":{"line":17,"column":45}},"1":{"start":{"line":68,"column":0},"end":{"line":68,"column":15}},"2":{"start":{"line":17,"column":45},"end":{"line":66,"column":null}},"3":{"start":{"line":23,"column":22},"end":{"line":27,"column":null}},"4":{"start":{"line":29,"column":26},"end":{"line":33,"column":null}},"5":{"start":{"line":68,"column":15},"end":{"line":68,"column":null}}},"fnMap":{"0":{"name":"(anonymous_3)","decl":{"start":{"line":17,"column":45},"end":{"line":17,"column":46}},"loc":{"start":{"line":22,"column":1},"end":{"line":66,"column":null}}}},"branchMap":{"0":{"loc":{"start":{"line":19,"column":2},"end":{"line":19,"column":13}},"type":"default-arg","locations":[{"start":{"line":19,"column":9},"end":{"line":19,"column":13}}]},"1":{"loc":{"start":{"line":20,"column":2},"end":{"line":20,"column":18}},"type":"default-arg","locations":[{"start":{"line":20,"column":13},"end":{"line":20,"column":18}}]},"2":{"loc":{"start":{"line":21,"column":2},"end":{"line":21,"column":16}},"type":"default-arg","locations":[{"start":{"line":21,"column":14},"end":{"line":21,"column":16}}]},"3":{"loc":{"start":{"line":54,"column":7},"end":{"line":54,"column":null}},"type":"binary-expr","locations":[{"start":{"line":54,"column":7},"end":{"line":54,"column":null}}]}},"s":{"0":0,"1":36,"2":4,"3":36,"4":36,"5":4},"f":{"0":36},"b":{"0":[5],"1":[34],"2":[35],"3":[36]}}
,"/Users/arustarawaratit/chatbotapp/frontend/src/components/ChatInterface.tsx": {"path":"/Users/arustarawaratit/chatbotapp/frontend/src/components/ChatInterface.tsx","statementMap":{"0":{"start":{"line":27,"column":24},"end":{"line":27,"column":null}},"1":{"start":{"line":3,"column":57},"end":{"line":3,"column":null}},"2":{"start":{"line":4,"column":28},"end":{"line":4,"column":null}},"3":{"start":{"line":5,"column":26},"end":{"line":5,"column":null}},"4":{"start":{"line":6,"column":25},"end":{"line":6,"column":null}},"5":{"start":{"line":7,"column":29},"end":{"line":7,"column":null}},"6":{"start":{"line":8,"column":28},"end":{"line":8,"column":null}},"7":{"start":{"line":9,"column":35},"end":{"line":9,"column":null}},"8":{"start":{"line":10,"column":26},"end":{"line":10,"column":null}},"9":{"start":{"line":11,"column":30},"end":{"line":11,"column":null}},"10":{"start":{"line":28,"column":34},"end":{"line":28,"column":null}},"11":{"start":{"line":29,"column":36},"end":{"line":29,"column":null}},"12":{"start":{"line":30,"column":42},"end":{"line":30,"column":null}},"13":{"start":{"line":31,"column":52},"end":{"line":31,"column":null}},"14":{"start":{"line":32,"column":60},"end":{"line":32,"column":null}},"15":{"start":{"line":33,"column":52},"end":{"line":33,"column":null}},"16":{"start":{"line":34,"column":34},"end":{"line":34,"column":null}},"17":{"start":{"line":35,"column":36},"end":{"line":35,"column":null}},"18":{"start":{"line":36,"column":34},"end":{"line":36,"column":null}},"19":{"start":{"line":37,"column":25},"end":{"line":37,"column":null}},"20":{"start":{"line":38,"column":33},"end":{"line":38,"column":null}},"21":{"start":{"line":41,"column":2},"end":{"line":44,"column":null}},"22":{"start":{"line":42,"column":4},"end":{"line":42,"column":null}},"23":{"start":{"line":43,"column":4},"end":{"line":43,"column":null}},"24":{"start":{"line":47,"column":33},"end":{"line":51,"column":null}},"25":{"start":{"line":53,"column":25},"end":{"line":63,"column":null}},"26":{"start":{"line":54,"column":4},"end":{"line":62,"column":null}},"27":{"start":{"line":55,"column":6},"end":{"line":61,"column":null}},"28":{"start":{"line":56,"column":8},"end":{"line":60,"column":null}},"29":{"start":{"line":66,"column":30},"end":{"line":84,"column":null}},"30":{"start":{"line":67,"column":32},"end":{"line":72,"column":null}},"31":{"start":{"line":74,"column":4},"end":{"line":74,"column":null}},"32":{"start":{"line":74,"column":24},"end":{"line":74,"column":null}},"33":{"start":{"line":76,"column":4},"end":{"line":81,"column":null}},"34":{"start":{"line":78,"column":6},"end":{"line":80,"column":null}},"35":{"start":{"line":79,"column":8},"end":{"line":79,"column":null}},"36":{"start":{"line":83,"column":4},"end":{"line":83,"column":null}},"37":{"start":{"line":87,"column":75},"end":{"line":94,"column":null}},"38":{"start":{"line":96,"column":2},"end":{"line":98,"column":null}},"39":{"start":{"line":97,"column":4},"end":{"line":97,"column":null}},"40":{"start":{"line":101,"column":31},"end":{"line":116,"column":null}},"41":{"start":{"line":102,"column":4},"end":{"line":115,"column":null}},"42":{"start":{"line":104,"column":6},"end":{"line":114,"column":16}},"43":{"start":{"line":106,"column":8},"end":{"line":113,"column":null}},"44":{"start":{"line":107,"column":38},"end":{"line":109,"column":26}},"45":{"start":{"line":108,"column":50},"end":{"line":108,"column":74}},"46":{"start":{"line":111,"column":10},"end":{"line":111,"column":null}},"47":{"start":{"line":112,"column":10},"end":{"line":112,"column":null}},"48":{"start":{"line":118,"column":28},"end":{"line":197,"column":null}},"49":{"start":{"line":119,"column":4},"end":{"line":119,"column":null}},"50":{"start":{"line":119,"column":22},"end":{"line":119,"column":null}},"51":{"start":{"line":122,"column":4},"end":{"line":122,"column":null}},"52":{"start":{"line":125,"column":4},"end":{"line":125,"column":null}},"53":{"start":{"line":128,"column":4},"end":{"line":141,"column":null}},"54":{"start":{"line":129,"column":40},"end":{"line":134,"column":null}},"55":{"start":{"line":129,"column":82},"end":{"line":134,"column":null}},"56":{"start":{"line":137,"column":6},"end":{"line":137,"column":null}},"57":{"start":{"line":137,"column":26},"end":{"line":137,"column":null}},"58":{"start":{"line":140,"column":6},"end":{"line":140,"column":null}},"59":{"start":{"line":144,"column":33},"end":{"line":149,"column":null}},"60":{"start":{"line":151,"column":4},"end":{"line":151,"column":null}},"61":{"start":{"line":151,"column":24},"end":{"line":151,"column":null}},"62":{"start":{"line":152,"column":4},"end":{"line":152,"column":null}},"63":{"start":{"line":155,"column":4},"end":{"line":155,"column":null}},"64":{"start":{"line":155,"column":21},"end":{"line":155,"column":39}},"65":{"start":{"line":157,"column":4},"end":{"line":196,"column":null}},"66":{"start":{"line":159,"column":6},"end":{"line":159,"column":null}},"67":{"start":{"line":159,"column":35},"end":{"line":159,"column":null}},"68":{"start":{"line":162,"column":23},"end":{"line":162,"column":null}},"69":{"start":{"line":165,"column":6},"end":{"line":177,"column":null}},"70":{"start":{"line":166,"column":36},"end":{"line":171,"column":null}},"71":{"start":{"line":173,"column":8},"end":{"line":173,"column":null}},"72":{"start":{"line":173,"column":28},"end":{"line":173,"column":null}},"73":{"start":{"line":174,"column":8},"end":{"line":174,"column":null}},"74":{"start":{"line":176,"column":8},"end":{"line":176,"column":null}},"75":{"start":{"line":176,"column":25},"end":{"line":176,"column":43}},"76":{"start":{"line":180,"column":6},"end":{"line":180,"column":null}},"77":{"start":{"line":183,"column":6},"end":{"line":195,"column":null}},"78":{"start":{"line":184,"column":38},"end":{"line":189,"column":null}},"79":{"start":{"line":191,"column":8},"end":{"line":191,"column":null}},"80":{"start":{"line":191,"column":28},"end":{"line":191,"column":null}},"81":{"start":{"line":192,"column":8},"end":{"line":192,"column":null}},"82":{"start":{"line":194,"column":8},"end":{"line":194,"column":null}},"83":{"start":{"line":194,"column":25},"end":{"line":194,"column":43}},"84":{"start":{"line":200,"column":31},"end":{"line":223,"column":null}},"85":{"start":{"line":201,"column":4},"end":{"line":222,"column":null}},"86":{"start":{"line":202,"column":23},"end":{"line":202,"column":null}},"87":{"start":{"line":205,"column":39},"end":{"line":210,"column":null}},"88":{"start":{"line":212,"column":6},"end":{"line":212,"column":null}},"89":{"start":{"line":212,"column":26},"end":{"line":212,"column":null}},"90":{"start":{"line":213,"column":6},"end":{"line":213,"column":null}},"91":{"start":{"line":216,"column":6},"end":{"line":216,"column":null}},"92":{"start":{"line":218,"column":6},"end":{"line":218,"column":null}},"93":{"start":{"line":220,"column":6},"end":{"line":220,"column":null}},"94":{"start":{"line":226,"column":35},"end":{"line":229,"column":null}},"95":{"start":{"line":227,"column":4},"end":{"line":227,"column":null}},"96":{"start":{"line":228,"column":4},"end":{"line":228,"column":22}},"97":{"start":{"line":248,"column":10},"end":{"line":249,"column":null}},"98":{"start":{"line":259,"column":10},"end":{"line":260,"column":null}}},"fnMap":{"0":{"name":"ChatInterface","decl":{"start":{"line":27,"column":24},"end":{"line":27,"column":null}},"loc":{"start":{"line":27,"column":24},"end":{"line":310,"column":null}}},"1":{"name":"(anonymous_3)","decl":{"start":{"line":41,"column":12},"end":{"line":41,"column":null}},"loc":{"start":{"line":41,"column":12},"end":{"line":44,"column":5}}},"2":{"name":"(anonymous_4)","decl":{"start":{"line":53,"column":37},"end":{"line":53,"column":null}},"loc":{"start":{"line":53,"column":37},"end":{"line":63,"column":5}}},"3":{"name":"(anonymous_5)","decl":{"start":{"line":54,"column":15},"end":{"line":54,"column":null}},"loc":{"start":{"line":54,"column":15},"end":{"line":62,"column":7}}},"4":{"name":"(anonymous_6)","decl":{"start":{"line":66,"column":42},"end":{"line":66,"column":43}},"loc":{"start":{"line":66,"column":43},"end":{"line":84,"column":5}}},"5":{"name":"(anonymous_7)","decl":{"start":{"line":74,"column":16},"end":{"line":74,"column":24}},"loc":{"start":{"line":74,"column":24},"end":{"line":74,"column":null}}},"6":{"name":"(anonymous_8)","decl":{"start":{"line":78,"column":17},"end":{"line":78,"column":null}},"loc":{"start":{"line":78,"column":17},"end":{"line":80,"column":9}}},"7":{"name":"(anonymous_9)","decl":{"start":{"line":96,"column":12},"end":{"line":96,"column":null}},"loc":{"start":{"line":96,"column":12},"end":{"line":98,"column":5}}},"8":{"name":"(anonymous_10)","decl":{"start":{"line":101,"column":31},"end":{"line":101,"column":32}},"loc":{"start":{"line":101,"column":32},"end":{"line":116,"column":null}}},"9":{"name":"(anonymous_11)","decl":{"start":{"line":104,"column":17},"end":{"line":104,"column":null}},"loc":{"start":{"line":104,"column":17},"end":{"line":114,"column":9}}},"10":{"name":"(anonymous_12)","decl":{"start":{"line":108,"column":20},"end":{"line":108,"column":21}},"loc":{"start":{"line":108,"column":50},"end":{"line":108,"column":74}}},"11":{"name":"(anonymous_13)","decl":{"start":{"line":118,"column":28},"end":{"line":118,"column":35}},"loc":{"start":{"line":118,"column":35},"end":{"line":197,"column":null}}},"12":{"name":"(anonymous_14)","decl":{"start":{"line":129,"column":62},"end":{"line":129,"column":63}},"loc":{"start":{"line":129,"column":82},"end":{"line":134,"column":null}}},"13":{"name":"(anonymous_15)","decl":{"start":{"line":137,"column":18},"end":{"line":137,"column":26}},"loc":{"start":{"line":137,"column":26},"end":{"line":137,"column":null}}},"14":{"name":"(anonymous_16)","decl":{"start":{"line":151,"column":16},"end":{"line":151,"column":24}},"loc":{"start":{"line":151,"column":24},"end":{"line":151,"column":null}}},"15":{"name":"(anonymous_17)","decl":{"start":{"line":155,"column":15},"end":{"line":155,"column":21}},"loc":{"start":{"line":155,"column":21},"end":{"line":155,"column":39}}},"16":{"name":"(anonymous_18)","decl":{"start":{"line":159,"column":24},"end":{"line":159,"column":35}},"loc":{"start":{"line":159,"column":35},"end":{"line":159,"column":null}}},"17":{"name":"(anonymous_19)","decl":{"start":{"line":165,"column":17},"end":{"line":165,"column":null}},"loc":{"start":{"line":165,"column":17},"end":{"line":177,"column":9}}},"18":{"name":"(anonymous_20)","decl":{"start":{"line":173,"column":20},"end":{"line":173,"column":28}},"loc":{"start":{"line":173,"column":28},"end":{"line":173,"column":null}}},"19":{"name":"(anonymous_21)","decl":{"start":{"line":176,"column":19},"end":{"line":176,"column":25}},"loc":{"start":{"line":176,"column":25},"end":{"line":176,"column":43}}},"20":{"name":"(anonymous_22)","decl":{"start":{"line":183,"column":17},"end":{"line":183,"column":null}},"loc":{"start":{"line":183,"column":17},"end":{"line":195,"column":9}}},"21":{"name":"(anonymous_23)","decl":{"start":{"line":191,"column":20},"end":{"line":191,"column":28}},"loc":{"start":{"line":191,"column":28},"end":{"line":191,"column":null}}},"22":{"name":"(anonymous_24)","decl":{"start":{"line":194,"column":19},"end":{"line":194,"column":25}},"loc":{"start":{"line":194,"column":25},"end":{"line":194,"column":43}}},"23":{"name":"(anonymous_25)","decl":{"start":{"line":200,"column":43},"end":{"line":200,"column":50}},"loc":{"start":{"line":200,"column":50},"end":{"line":223,"column":5}}},"24":{"name":"(anonymous_26)","decl":{"start":{"line":212,"column":18},"end":{"line":212,"column":26}},"loc":{"start":{"line":212,"column":26},"end":{"line":212,"column":null}}},"25":{"name":"(anonymous_27)","decl":{"start":{"line":226,"column":47},"end":{"line":226,"column":null}},"loc":{"start":{"line":226,"column":47},"end":{"line":229,"column":5}}},"26":{"name":"(anonymous_28)","decl":{"start":{"line":247,"column":56},"end":{"line":247,"column":57}},"loc":{"start":{"line":248,"column":10},"end":{"line":249,"column":null}}},"27":{"name":"(anonymous_29)","decl":{"start":{"line":258,"column":22},"end":{"line":258,"column":23}},"loc":{"start":{"line":259,"column":10},"end":{"line":260,"column":null}}}},"branchMap":{"0":{"loc":{"start":{"line":55,"column":6},"end":{"line":61,"column":null}},"type":"if","locations":[{"start":{"line":55,"column":6},"end":{"line":61,"column":null}}]},"1":{"loc":{"start":{"line":76,"column":4},"end":{"line":81,"column":null}},"type":"if","locations":[{"start":{"line":76,"column":4},"end":{"line":81,"column":null}}]},"2":{"loc":{"start":{"line":92,"column":15},"end":{"line":92,"column":null}},"type":"binary-expr","locations":[{"start":{"line":92,"column":15},"end":{"line":92,"column":27}},{"start":{"line":92,"column":27},"end":{"line":92,"column":null}}]},"3":{"loc":{"start":{"line":102,"column":4},"end":{"line":115,"column":null}},"type":"if","locations":[{"start":{"line":102,"column":4},"end":{"line":115,"column":null}}]},"4":{"loc":{"start":{"line":102,"column":8},"end":{"line":102,"column":101}},"type":"binary-expr","locations":[{"start":{"line":102,"column":8},"end":{"line":102,"column":24}},{"start":{"line":102,"column":24},"end":{"line":102,"column":54}},{"start":{"line":102,"column":58},"end":{"line":102,"column":101}}]},"5":{"loc":{"start":{"line":106,"column":8},"end":{"line":113,"column":null}},"type":"if","locations":[{"start":{"line":106,"column":8},"end":{"line":113,"column":null}}]},"6":{"loc":{"start":{"line":119,"column":4},"end":{"line":119,"column":null}},"type":"if","locations":[{"start":{"line":119,"column":4},"end":{"line":119,"column":null}}]},"7":{"loc":{"start":{"line":128,"column":4},"end":{"line":141,"column":null}},"type":"if","locations":[{"start":{"line":128,"column":4},"end":{"line":141,"column":null}}]},"8":{"loc":{"start":{"line":128,"column":8},"end":{"line":128,"column":63}},"type":"binary-expr","locations":[{"start":{"line":128,"column":8},"end":{"line":128,"column":33}},{"start":{"line":128,"column":33},"end":{"line":128,"column":63}}]},"9":{"loc":{"start":{"line":236,"column":9},"end":{"line":236,"column":null}},"type":"binary-expr","locations":[{"start":{"line":236,"column":9},"end":{"line":236,"column":null}}]},"10":{"loc":{"start":{"line":247,"column":9},"end":{"line":249,"column":null}},"type":"binary-expr","locations":[{"start":{"line":247,"column":9},"end":{"line":247,"column":34}},{"start":{"line":247,"column":34},"end":{"line":249,"column":null}}]},"11":{"loc":{"start":{"line":267,"column":26},"end":{"line":267,"column":null}},"type":"cond-expr","locations":[{"start":{"line":267,"column":53},"end":{"line":267,"column":66}},{"start":{"line":267,"column":66},"end":{"line":267,"column":null}}]},"12":{"loc":{"start":{"line":274,"column":9},"end":{"line":274,"column":null}},"type":"binary-expr","locations":[{"start":{"line":274,"column":9},"end":{"line":274,"column":null}}]},"13":{"loc":{"start":{"line":295,"column":7},"end":{"line":295,"column":19}},"type":"binary-expr","locations":[{"start":{"line":295,"column":7},"end":{"line":295,"column":19}},{"start":{"line":295,"column":19},"end":{"line":295,"column":null}}]}},"s":{"0":0,"1":0,"2":0,"3":0,"4":0,"5":0,"6":0,"7":0,"8":0,"9":0,"10":0,"11":0,"12":0,"13":0,"14":0,"15":0,"16":0,"17":0,"18":0,"19":0,"20":0,"21":0,"22":0,"23":0,"24":0,"25":0,"26":0,"27":0,"28":0,"29":0,"30":0,"31":0,"32":0,"33":0,"34":0,"35":0,"36":0,"37":0,"38":0,"39":0,"40":0,"41":0,"42":0,"43":0,"44":0,"45":0,"46":0,"47":0,"48":0,"49":0,"50":0,"51":0,"52":0,"53":0,"54":0,"55":0,"56":0,"57":0,"58":0,"59":0,"60":0,"61":0,"62":0,"63":0,"64":0,"65":0,"66":0,"67":0,"68":0,"69":0,"70":0,"71":0,"72":0,"73":0,"74":0,"75":0,"76":0,"77":0,"78":0,"79":0,"80":0,"81":0,"82":0,"83":0,"84":0,"85":0,"86":0,"87":0,"88":0,"89":0,"90":0,"91":0,"92":0,"93":0,"94":0,"95":0,"96":0,"97":0,"98":0},"f":{"0":0,"1":0,"2":0,"3":0,"4":0,"5":0,"6":0,"7":0,"8":0,"9":0,"10":0,"11":0,"12":0,"13":0,"14":0,"15":0,"16":0,"17":0,"18":0,"19":0,"20":0,"21":0,"22":0,"23":0,"24":0,"25":0,"26":0,"27":0},"b":{"0":[0],"1":[0],"2":[0,0],"3":[0],"4":[0,0,0],"5":[0],"6":[0],"7":[0],"8":[0,0],"9":[0],"10":[0,0],"11":[0,0],"12":[0],"13":[0,0]}}
,"/Users/arustarawaratit/chatbotapp/frontend/src/components/ClientOnly.tsx": {"path":"/Users/arustarawaratit/chatbotapp/frontend/src/components/ClientOnly.tsx","statementMap":{"0":{"start":{"line":10,"column":24},"end":{"line":10,"column":35}},"1":{"start":{"line":3,"column":36},"end":{"line":3,"column":null}},"2":{"start":{"line":11,"column":38},"end":{"line":11,"column":null}},"3":{"start":{"line":13,"column":2},"end":{"line":15,"column":null}},"4":{"start":{"line":14,"column":4},"end":{"line":14,"column":null}},"5":{"start":{"line":17,"column":2},"end":{"line":19,"column":null}}},"fnMap":{"0":{"name":"ClientOnly","decl":{"start":{"line":10,"column":24},"end":{"line":10,"column":35}},"loc":{"start":{"line":10,"column":81},"end":{"line":22,"column":null}}},"1":{"name":"(anonymous_2)","decl":{"start":{"line":13,"column":12},"end":{"line":13,"column":null}},"loc":{"start":{"line":13,"column":12},"end":{"line":15,"column":5}}}},"branchMap":{"0":{"loc":{"start":{"line":10,"column":47},"end":{"line":10,"column":62}},"type":"default-arg","locations":[{"start":{"line":10,"column":58},"end":{"line":10,"column":62}}]},"1":{"loc":{"start":{"line":17,"column":2},"end":{"line":19,"column":null}},"type":"if","locations":[{"start":{"line":17,"column":2},"end":{"line":19,"column":null}}]}},"s":{"0":10,"1":1,"2":20,"3":20,"4":10,"5":20},"f":{"0":20,"1":10},"b":{"0":[0],"1":[10]}}
,"/Users/arustarawaratit/chatbotapp/frontend/src/components/FeedbackModal.tsx": {"path":"/Users/arustarawaratit/chatbotapp/frontend/src/components/FeedbackModal.tsx","statementMap":{"0":{"start":{"line":24,"column":13},"end":{"line":24,"column":53}},"1":{"start":{"line":217,"column":0},"end":{"line":217,"column":15}},"2":{"start":{"line":3,"column":25},"end":{"line":3,"column":null}},"3":{"start":{"line":5,"column":23},"end":{"line":5,"column":null}},"4":{"start":{"line":24,"column":53},"end":{"line":215,"column":null}},"5":{"start":{"line":35,"column":30},"end":{"line":35,"column":null}},"6":{"start":{"line":36,"column":32},"end":{"line":36,"column":null}},"7":{"start":{"line":37,"column":42},"end":{"line":37,"column":null}},"8":{"start":{"line":38,"column":28},"end":{"line":38,"column":null}},"9":{"start":{"line":40,"column":28},"end":{"line":44,"column":null}},"10":{"start":{"line":46,"column":28},"end":{"line":46,"column":null}},"11":{"start":{"line":48,"column":23},"end":{"line":78,"column":null}},"12":{"start":{"line":49,"column":4},"end":{"line":52,"column":null}},"13":{"start":{"line":50,"column":6},"end":{"line":50,"column":null}},"14":{"start":{"line":51,"column":6},"end":{"line":51,"column":null}},"15":{"start":{"line":54,"column":4},"end":{"line":54,"column":null}},"16":{"start":{"line":55,"column":4},"end":{"line":55,"column":null}},"17":{"start":{"line":57,"column":4},"end":{"line":77,"column":null}},"18":{"start":{"line":58,"column":47},"end":{"line":69,"column":null}},"19":{"start":{"line":71,"column":6},"end":{"line":71,"column":null}},"20":{"start":{"line":72,"column":6},"end":{"line":72,"column":null}},"21":{"start":{"line":74,"column":6},"end":{"line":74,"column":null}},"22":{"start":{"line":76,"column":6},"end":{"line":76,"column":null}},"23":{"start":{"line":80,"column":24},"end":{"line":89,"column":null}},"24":{"start":{"line":81,"column":22},"end":{"line":81,"column":null}},"25":{"start":{"line":82,"column":4},"end":{"line":84,"column":null}},"26":{"start":{"line":83,"column":6},"end":{"line":83,"column":null}},"27":{"start":{"line":85,"column":4},"end":{"line":87,"column":null}},"28":{"start":{"line":86,"column":6},"end":{"line":86,"column":null}},"29":{"start":{"line":88,"column":4},"end":{"line":88,"column":null}},"30":{"start":{"line":91,"column":21},"end":{"line":93,"column":null}},"31":{"start":{"line":92,"column":4},"end":{"line":92,"column":null}},"32":{"start":{"line":95,"column":2},"end":{"line":95,"column":null}},"33":{"start":{"line":95,"column":15},"end":{"line":95,"column":null}},"34":{"start":{"line":156,"column":31},"end":{"line":156,"column":null}},"35":{"start":{"line":217,"column":15},"end":{"line":217,"column":null}}},"fnMap":{"0":{"name":"(anonymous_4)","decl":{"start":{"line":24,"column":53},"end":{"line":24,"column":54}},"loc":{"start":{"line":34,"column":1},"end":{"line":215,"column":null}}},"1":{"name":"(anonymous_5)","decl":{"start":{"line":48,"column":23},"end":{"line":48,"column":null}},"loc":{"start":{"line":48,"column":23},"end":{"line":78,"column":null}}},"2":{"name":"(anonymous_6)","decl":{"start":{"line":80,"column":24},"end":{"line":80,"column":null}},"loc":{"start":{"line":80,"column":24},"end":{"line":89,"column":null}}},"3":{"name":"(anonymous_7)","decl":{"start":{"line":91,"column":21},"end":{"line":91,"column":null}},"loc":{"start":{"line":91,"column":21},"end":{"line":93,"column":null}}},"4":{"name":"(anonymous_8)","decl":{"start":{"line":156,"column":24},"end":{"line":156,"column":25}},"loc":{"start":{"line":156,"column":31},"end":{"line":156,"column":null}}}},"branchMap":{"0":{"loc":{"start":{"line":46,"column":28},"end":{"line":46,"column":null}},"type":"binary-expr","locations":[{"start":{"line":46,"column":28},"end":{"line":46,"column":42}},{"start":{"line":46,"column":42},"end":{"line":46,"column":null}}]},"1":{"loc":{"start":{"line":49,"column":4},"end":{"line":52,"column":null}},"type":"if","locations":[{"start":{"line":49,"column":4},"end":{"line":52,"column":null}}]},"2":{"loc":{"start":{"line":62,"column":17},"end":{"line":62,"column":null}},"type":"binary-expr","locations":[{"start":{"line":62,"column":17},"end":{"line":62,"column":35}},{"start":{"line":62,"column":35},"end":{"line":62,"column":null}}]},"3":{"loc":{"start":{"line":74,"column":15},"end":{"line":74,"column":null}},"type":"cond-expr","locations":[{"start":{"line":74,"column":38},"end":{"line":74,"column":49}},{"start":{"line":74,"column":52},"end":{"line":74,"column":null}}]},"4":{"loc":{"start":{"line":82,"column":4},"end":{"line":84,"column":null}},"type":"if","locations":[{"start":{"line":82,"column":4},"end":{"line":84,"column":null}}]},"5":{"loc":{"start":{"line":85,"column":4},"end":{"line":87,"column":null}},"type":"if","locations":[{"start":{"line":85,"column":4},"end":{"line":87,"column":null}}]},"6":{"loc":{"start":{"line":95,"column":2},"end":{"line":95,"column":null}},"type":"if","locations":[{"start":{"line":95,"column":2},"end":{"line":95,"column":null}}]},"7":{"loc":{"start":{"line":166,"column":11},"end":{"line":166,"column":null}},"type":"binary-expr","locations":[{"start":{"line":166,"column":11},"end":{"line":166,"column":null}}]},"8":{"loc":{"start":{"line":193,"column":22},"end":{"line":193,"column":null}},"type":"binary-expr","locations":[{"start":{"line":193,"column":22},"end":{"line":193,"column":38}},{"start":{"line":193,"column":38},"end":{"line":193,"column":null}}]},"9":{"loc":{"start":{"line":196,"column":16},"end":{"line":198,"column":null}},"type":"cond-expr","locations":[{"start":{"line":197,"column":18},"end":{"line":197,"column":null}},{"start":{"line":198,"column":18},"end":{"line":198,"column":null}}]},"10":{"loc":{"start":{"line":196,"column":16},"end":{"line":196,"column":null}},"type":"binary-expr","locations":[{"start":{"line":196,"column":16},"end":{"line":196,"column":30}},{"start":{"line":196,"column":30},"end":{"line":196,"column":null}}]},"11":{"loc":{"start":{"line":202,"column":13},"end":{"line":208,"column":null}},"type":"cond-expr","locations":[{"start":{"line":203,"column":14},"end":{"line":208,"column":null}},{"start":{"line":208,"column":14},"end":{"line":208,"column":null}}]}},"s":{"0":0,"1":0,"2":0,"3":0,"4":0,"5":0,"6":0,"7":0,"8":0,"9":0,"10":0,"11":0,"12":0,"13":0,"14":0,"15":0,"16":0,"17":0,"18":0,"19":0,"20":0,"21":0,"22":0,"23":0,"24":0,"25":0,"26":0,"27":0,"28":0,"29":0,"30":0,"31":0,"32":0,"33":0,"34":0,"35":0},"f":{"0":0,"1":0,"2":0,"3":0,"4":0},"b":{"0":[0,0],"1":[0],"2":[0,0],"3":[0,0],"4":[0],"5":[0],"6":[0],"7":[0],"8":[0,0],"9":[0,0],"10":[0,0],"11":[0,0]}}
,"/Users/arustarawaratit/chatbotapp/frontend/src/components/GreetingMessage.tsx": {"path":"/Users/arustarawaratit/chatbotapp/frontend/src/components/GreetingMessage.tsx","statementMap":{"0":{"start":{"line":21,"column":13},"end":{"line":21,"column":57}},"1":{"start":{"line":263,"column":0},"end":{"line":263,"column":15}},"2":{"start":{"line":4,"column":26},"end":{"line":4,"column":null}},"3":{"start":{"line":5,"column":28},"end":{"line":5,"column":null}},"4":{"start":{"line":6,"column":22},"end":{"line":6,"column":null}},"5":{"start":{"line":21,"column":57},"end":{"line":189,"column":null}},"6":{"start":{"line":28,"column":68},"end":{"line":28,"column":null}},"7":{"start":{"line":31,"column":40},"end":{"line":35,"column":null}},"8":{"start":{"line":37,"column":28},"end":{"line":37,"column":null}},"9":{"start":{"line":40,"column":2},"end":{"line":44,"column":null}},"10":{"start":{"line":41,"column":4},"end":{"line":43,"column":null}},"11":{"start":{"line":42,"column":6},"end":{"line":42,"column":null}},"12":{"start":{"line":47,"column":29},"end":{"line":49,"column":null}},"13":{"start":{"line":48,"column":4},"end":{"line":48,"column":null}},"14":{"start":{"line":51,"column":30},"end":{"line":53,"column":null}},"15":{"start":{"line":52,"column":4},"end":{"line":52,"column":null}},"16":{"start":{"line":56,"column":2},"end":{"line":60,"column":null}},"17":{"start":{"line":57,"column":4},"end":{"line":59,"column":null}},"18":{"start":{"line":58,"column":6},"end":{"line":58,"column":null}},"19":{"start":{"line":63,"column":2},"end":{"line":85,"column":null}},"20":{"start":{"line":88,"column":2},"end":{"line":120,"column":null}},"21":{"start":{"line":123,"column":2},"end":{"line":163,"column":null}},"22":{"start":{"line":198,"column":60},"end":{"line":244,"column":null}},"23":{"start":{"line":199,"column":27},"end":{"line":206,"column":null}},"24":{"start":{"line":200,"column":4},"end":{"line":205,"column":null}},"25":{"start":{"line":201,"column":19},"end":{"line":201,"column":null}},"26":{"start":{"line":202,"column":21},"end":{"line":202,"column":null}},"27":{"start":{"line":203,"column":18},"end":{"line":203,"column":null}},"28":{"start":{"line":204,"column":15},"end":{"line":204,"column":null}},"29":{"start":{"line":208,"column":27},"end":{"line":215,"column":null}},"30":{"start":{"line":209,"column":4},"end":{"line":214,"column":null}},"31":{"start":{"line":210,"column":22},"end":{"line":210,"column":null}},"32":{"start":{"line":211,"column":22},"end":{"line":211,"column":null}},"33":{"start":{"line":212,"column":26},"end":{"line":212,"column":null}},"34":{"start":{"line":213,"column":15},"end":{"line":213,"column":null}},"35":{"start":{"line":227,"column":14},"end":{"line":228,"column":null}},"36":{"start":{"line":253,"column":48},"end":{"line":258,"column":null}},"37":{"start":{"line":260,"column":2},"end":{"line":260,"column":null}},"38":{"start":{"line":263,"column":15},"end":{"line":263,"column":null}}},"fnMap":{"0":{"name":"(anonymous_4)","decl":{"start":{"line":21,"column":57},"end":{"line":21,"column":58}},"loc":{"start":{"line":27,"column":1},"end":{"line":189,"column":null}}},"1":{"name":"(anonymous_5)","decl":{"start":{"line":40,"column":12},"end":{"line":40,"column":null}},"loc":{"start":{"line":40,"column":12},"end":{"line":44,"column":5}}},"2":{"name":"(anonymous_6)","decl":{"start":{"line":47,"column":29},"end":{"line":47,"column":null}},"loc":{"start":{"line":47,"column":29},"end":{"line":49,"column":null}}},"3":{"name":"(anonymous_7)","decl":{"start":{"line":51,"column":30},"end":{"line":51,"column":null}},"loc":{"start":{"line":51,"column":30},"end":{"line":53,"column":null}}},"4":{"name":"(anonymous_8)","decl":{"start":{"line":56,"column":12},"end":{"line":56,"column":null}},"loc":{"start":{"line":56,"column":12},"end":{"line":60,"column":5}}},"5":{"name":"(anonymous_9)","decl":{"start":{"line":198,"column":60},"end":{"line":198,"column":61}},"loc":{"start":{"line":198,"column":71},"end":{"line":244,"column":null}}},"6":{"name":"(anonymous_10)","decl":{"start":{"line":199,"column":27},"end":{"line":199,"column":28}},"loc":{"start":{"line":199,"column":28},"end":{"line":206,"column":null}}},"7":{"name":"(anonymous_11)","decl":{"start":{"line":208,"column":27},"end":{"line":208,"column":28}},"loc":{"start":{"line":208,"column":28},"end":{"line":215,"column":null}}},"8":{"name":"(anonymous_12)","decl":{"start":{"line":226,"column":53},"end":{"line":226,"column":54}},"loc":{"start":{"line":227,"column":14},"end":{"line":228,"column":null}}},"9":{"name":"getWeatherEmoji","decl":{"start":{"line":252,"column":9},"end":{"line":252,"column":25}},"loc":{"start":{"line":252,"column":42},"end":{"line":261,"column":null}}}},"branchMap":{"0":{"loc":{"start":{"line":24,"column":2},"end":{"line":24,"column":18}},"type":"default-arg","locations":[{"start":{"line":24,"column":14},"end":{"line":24,"column":18}}]},"1":{"loc":{"start":{"line":25,"column":2},"end":{"line":25,"column":16}},"type":"default-arg","locations":[{"start":{"line":25,"column":14},"end":{"line":25,"column":16}}]},"2":{"loc":{"start":{"line":37,"column":28},"end":{"line":37,"column":null}},"type":"binary-expr","locations":[{"start":{"line":37,"column":28},"end":{"line":37,"column":42}},{"start":{"line":37,"column":42},"end":{"line":37,"column":null}}]},"3":{"loc":{"start":{"line":41,"column":4},"end":{"line":43,"column":null}},"type":"if","locations":[{"start":{"line":41,"column":4},"end":{"line":43,"column":null}}]},"4":{"loc":{"start":{"line":57,"column":4},"end":{"line":59,"column":null}},"type":"if","locations":[{"start":{"line":57,"column":4},"end":{"line":59,"column":null}}]},"5":{"loc":{"start":{"line":57,"column":8},"end":{"line":57,"column":38}},"type":"binary-expr","locations":[{"start":{"line":57,"column":8},"end":{"line":57,"column":20}},{"start":{"line":57,"column":20},"end":{"line":57,"column":38}}]},"6":{"loc":{"start":{"line":63,"column":2},"end":{"line":85,"column":null}},"type":"if","locations":[{"start":{"line":63,"column":2},"end":{"line":85,"column":null}}]},"7":{"loc":{"start":{"line":88,"column":2},"end":{"line":120,"column":null}},"type":"if","locations":[{"start":{"line":88,"column":2},"end":{"line":120,"column":null}}]},"8":{"loc":{"start":{"line":123,"column":2},"end":{"line":163,"column":null}},"type":"if","locations":[{"start":{"line":123,"column":2},"end":{"line":163,"column":null}}]},"9":{"loc":{"start":{"line":200,"column":4},"end":{"line":205,"column":null}},"type":"switch","locations":[{"start":{"line":201,"column":6},"end":{"line":201,"column":null}},{"start":{"line":202,"column":6},"end":{"line":202,"column":null}},{"start":{"line":203,"column":6},"end":{"line":203,"column":null}},{"start":{"line":204,"column":6},"end":{"line":204,"column":null}}]},"10":{"loc":{"start":{"line":209,"column":4},"end":{"line":214,"column":null}},"type":"switch","locations":[{"start":{"line":210,"column":6},"end":{"line":210,"column":null}},{"start":{"line":211,"column":6},"end":{"line":211,"column":null}},{"start":{"line":212,"column":6},"end":{"line":212,"column":null}},{"start":{"line":213,"column":6},"end":{"line":213,"column":null}}]},"11":{"loc":{"start":{"line":260,"column":9},"end":{"line":260,"column":null}},"type":"binary-expr","locations":[{"start":{"line":260,"column":9},"end":{"line":260,"column":47}},{"start":{"line":260,"column":51},"end":{"line":260,"column":null}}]}},"s":{"0":16,"1":0,"2":1,"3":1,"4":1,"5":1,"6":16,"7":16,"8":16,"9":16,"10":16,"11":14,"12":16,"13":1,"14":16,"15":1,"16":16,"17":16,"18":1,"19":16,"20":15,"21":14,"22":1,"23":0,"24":0,"25":0,"26":0,"27":0,"28":0,"29":0,"30":0,"31":0,"32":0,"33":0,"34":0,"35":0,"36":10,"37":10,"38":1},"f":{"0":16,"1":16,"2":1,"3":1,"4":16,"5":0,"6":0,"7":0,"8":0,"9":10},"b":{"0":[14],"1":[15],"2":[16,15],"3":[14],"4":[1],"5":[16,10],"6":[1],"7":[1],"8":[10],"9":[0,0,0,0],"10":[0,0,0,0],"11":[10,1]}}
,"/Users/arustarawaratit/chatbotapp/frontend/src/components/Header.tsx": {"path":"/Users/arustarawaratit/chatbotapp/frontend/src/components/Header.tsx","statementMap":{"0":{"start":{"line":1,"column":24},"end":{"line":1,"column":null}}},"fnMap":{"0":{"name":"Header","decl":{"start":{"line":1,"column":24},"end":{"line":1,"column":null}},"loc":{"start":{"line":1,"column":24},"end":{"line":24,"column":null}}}},"branchMap":{},"s":{"0":0},"f":{"0":0},"b":{}}
,"/Users/arustarawaratit/chatbotapp/frontend/src/components/IntentPredictionBubble.tsx": {"path":"/Users/arustarawaratit/chatbotapp/frontend/src/components/IntentPredictionBubble.tsx","statementMap":{"0":{"start":{"line":18,"column":13},"end":{"line":18,"column":71}},"1":{"start":{"line":98,"column":0},"end":{"line":98,"column":15}},"2":{"start":{"line":4,"column":22},"end":{"line":4,"column":null}},"3":{"start":{"line":18,"column":71},"end":{"line":96,"column":null}},"4":{"start":{"line":25,"column":40},"end":{"line":29,"column":null}},"5":{"start":{"line":31,"column":28},"end":{"line":31,"column":null}},"6":{"start":{"line":33,"column":27},"end":{"line":40,"column":null}},"7":{"start":{"line":34,"column":4},"end":{"line":39,"column":null}},"8":{"start":{"line":35,"column":19},"end":{"line":35,"column":null}},"9":{"start":{"line":36,"column":21},"end":{"line":36,"column":null}},"10":{"start":{"line":37,"column":18},"end":{"line":37,"column":null}},"11":{"start":{"line":38,"column":15},"end":{"line":38,"column":null}},"12":{"start":{"line":42,"column":27},"end":{"line":49,"column":null}},"13":{"start":{"line":43,"column":4},"end":{"line":48,"column":null}},"14":{"start":{"line":44,"column":22},"end":{"line":44,"column":null}},"15":{"start":{"line":45,"column":22},"end":{"line":45,"column":null}},"16":{"start":{"line":46,"column":26},"end":{"line":46,"column":null}},"17":{"start":{"line":47,"column":15},"end":{"line":47,"column":null}},"18":{"start":{"line":98,"column":15},"end":{"line":98,"column":null}}},"fnMap":{"0":{"name":"(anonymous_4)","decl":{"start":{"line":18,"column":71},"end":{"line":18,"column":72}},"loc":{"start":{"line":23,"column":1},"end":{"line":96,"column":null}}},"1":{"name":"(anonymous_5)","decl":{"start":{"line":33,"column":27},"end":{"line":33,"column":28}},"loc":{"start":{"line":33,"column":28},"end":{"line":40,"column":null}}},"2":{"name":"(anonymous_6)","decl":{"start":{"line":42,"column":27},"end":{"line":42,"column":28}},"loc":{"start":{"line":42,"column":28},"end":{"line":49,"column":null}}}},"branchMap":{"0":{"loc":{"start":{"line":21,"column":2},"end":{"line":21,"column":19}},"type":"default-arg","locations":[{"start":{"line":21,"column":15},"end":{"line":21,"column":19}}]},"1":{"loc":{"start":{"line":22,"column":2},"end":{"line":22,"column":16}},"type":"default-arg","locations":[{"start":{"line":22,"column":14},"end":{"line":22,"column":16}}]},"2":{"loc":{"start":{"line":31,"column":28},"end":{"line":31,"column":null}},"type":"binary-expr","locations":[{"start":{"line":31,"column":28},"end":{"line":31,"column":42}},{"start":{"line":31,"column":42},"end":{"line":31,"column":null}}]},"3":{"loc":{"start":{"line":34,"column":4},"end":{"line":39,"column":null}},"type":"switch","locations":[{"start":{"line":35,"column":6},"end":{"line":35,"column":null}},{"start":{"line":36,"column":6},"end":{"line":36,"column":null}},{"start":{"line":37,"column":6},"end":{"line":37,"column":null}},{"start":{"line":38,"column":6},"end":{"line":38,"column":null}}]},"4":{"loc":{"start":{"line":43,"column":4},"end":{"line":48,"column":null}},"type":"switch","locations":[{"start":{"line":44,"column":6},"end":{"line":44,"column":null}},{"start":{"line":45,"column":6},"end":{"line":45,"column":null}},{"start":{"line":46,"column":6},"end":{"line":46,"column":null}},{"start":{"line":47,"column":6},"end":{"line":47,"column":null}}]},"5":{"loc":{"start":{"line":54,"column":8},"end":{"line":54,"column":50}},"type":"cond-expr","locations":[{"start":{"line":54,"column":21},"end":{"line":54,"column":47}},{"start":{"line":54,"column":47},"end":{"line":54,"column":50}}]}},"s":{"0":0,"1":0,"2":0,"3":0,"4":0,"5":0,"6":0,"7":0,"8":0,"9":0,"10":0,"11":0,"12":0,"13":0,"14":0,"15":0,"16":0,"17":0,"18":0},"f":{"0":0,"1":0,"2":0},"b":{"0":[0],"1":[0],"2":[0,0],"3":[0,0,0,0],"4":[0,0,0,0],"5":[0,0]}}
,"/Users/arustarawaratit/chatbotapp/frontend/src/components/LoadingIndicator.tsx": {"path":"/Users/arustarawaratit/chatbotapp/frontend/src/components/LoadingIndicator.tsx","statementMap":{"0":{"start":{"line":17,"column":13},"end":{"line":17,"column":59}},"1":{"start":{"line":76,"column":0},"end":{"line":76,"column":15}},"2":{"start":{"line":4,"column":22},"end":{"line":4,"column":null}},"3":{"start":{"line":17,"column":59},"end":{"line":74,"column":null}},"4":{"start":{"line":22,"column":25},"end":{"line":28,"column":null}},"5":{"start":{"line":23,"column":4},"end":{"line":27,"column":null}},"6":{"start":{"line":24,"column":23},"end":{"line":24,"column":null}},"7":{"start":{"line":25,"column":25},"end":{"line":25,"column":null}},"8":{"start":{"line":26,"column":15},"end":{"line":26,"column":null}},"9":{"start":{"line":30,"column":28},"end":{"line":36,"column":null}},"10":{"start":{"line":31,"column":4},"end":{"line":35,"column":null}},"11":{"start":{"line":32,"column":23},"end":{"line":32,"column":null}},"12":{"start":{"line":33,"column":25},"end":{"line":33,"column":null}},"13":{"start":{"line":34,"column":15},"end":{"line":34,"column":null}},"14":{"start":{"line":76,"column":15},"end":{"line":76,"column":null}}},"fnMap":{"0":{"name":"(anonymous_4)","decl":{"start":{"line":17,"column":59},"end":{"line":17,"column":60}},"loc":{"start":{"line":21,"column":1},"end":{"line":74,"column":null}}},"1":{"name":"(anonymous_5)","decl":{"start":{"line":22,"column":25},"end":{"line":22,"column":null}},"loc":{"start":{"line":22,"column":25},"end":{"line":28,"column":null}}},"2":{"name":"(anonymous_6)","decl":{"start":{"line":30,"column":28},"end":{"line":30,"column":null}},"loc":{"start":{"line":30,"column":28},"end":{"line":36,"column":null}}}},"branchMap":{"0":{"loc":{"start":{"line":19,"column":2},"end":{"line":19,"column":20}},"type":"default-arg","locations":[{"start":{"line":19,"column":12},"end":{"line":19,"column":20}}]},"1":{"loc":{"start":{"line":20,"column":2},"end":{"line":20,"column":16}},"type":"default-arg","locations":[{"start":{"line":20,"column":14},"end":{"line":20,"column":16}}]},"2":{"loc":{"start":{"line":23,"column":4},"end":{"line":27,"column":null}},"type":"switch","locations":[{"start":{"line":24,"column":6},"end":{"line":24,"column":null}},{"start":{"line":25,"column":6},"end":{"line":25,"column":null}},{"start":{"line":26,"column":6},"end":{"line":26,"column":null}}]},"3":{"loc":{"start":{"line":31,"column":4},"end":{"line":35,"column":null}},"type":"switch","locations":[{"start":{"line":32,"column":6},"end":{"line":32,"column":null}},{"start":{"line":33,"column":6},"end":{"line":33,"column":null}},{"start":{"line":34,"column":6},"end":{"line":34,"column":null}}]}},"s":{"0":0,"1":9,"2":1,"3":1,"4":9,"5":9,"6":2,"7":1,"8":6,"9":9,"10":27,"11":6,"12":3,"13":18,"14":1},"f":{"0":9,"1":9,"2":27},"b":{"0":[4],"1":[8],"2":[2,1,6],"3":[6,3,18]}}
,"/Users/arustarawaratit/chatbotapp/frontend/src/components/MessageBubble.tsx": {"path":"/Users/arustarawaratit/chatbotapp/frontend/src/components/MessageBubble.tsx","statementMap":{"0":{"start":{"line":20,"column":13},"end":{"line":20,"column":53}},"1":{"start":{"line":93,"column":0},"end":{"line":93,"column":15}},"2":{"start":{"line":4,"column":23},"end":{"line":4,"column":null}},"3":{"start":{"line":5,"column":22},"end":{"line":5,"column":null}},"4":{"start":{"line":20,"column":53},"end":{"line":91,"column":null}},"5":{"start":{"line":27,"column":17},"end":{"line":27,"column":null}},"6":{"start":{"line":30,"column":40},"end":{"line":34,"column":null}},"7":{"start":{"line":36,"column":28},"end":{"line":36,"column":null}},"8":{"start":{"line":93,"column":15},"end":{"line":93,"column":null}}},"fnMap":{"0":{"name":"(anonymous_4)","decl":{"start":{"line":20,"column":53},"end":{"line":20,"column":54}},"loc":{"start":{"line":26,"column":1},"end":{"line":91,"column":null}}}},"branchMap":{"0":{"loc":{"start":{"line":25,"column":2},"end":{"line":25,"column":19}},"type":"default-arg","locations":[{"start":{"line":25,"column":15},"end":{"line":25,"column":19}}]},"1":{"loc":{"start":{"line":36,"column":28},"end":{"line":36,"column":null}},"type":"binary-expr","locations":[{"start":{"line":36,"column":28},"end":{"line":36,"column":42}},{"start":{"line":36,"column":42},"end":{"line":36,"column":null}}]},"2":{"loc":{"start":{"line":40,"column":13},"end":{"line":40,"column":54}},"type":"cond-expr","locations":[{"start":{"line":40,"column":22},"end":{"line":40,"column":38}},{"start":{"line":40,"column":38},"end":{"line":40,"column":54}}]},"3":{"loc":{"start":{"line":41,"column":8},"end":{"line":41,"column":88}},"type":"cond-expr","locations":[{"start":{"line":41,"column":22},"end":{"line":41,"column":85}},{"start":{"line":41,"column":85},"end":{"line":41,"column":88}}]},"4":{"loc":{"start":{"line":41,"column":22},"end":{"line":41,"column":85}},"type":"cond-expr","locations":[{"start":{"line":41,"column":31},"end":{"line":41,"column":58}},{"start":{"line":41,"column":58},"end":{"line":41,"column":85}}]},"5":{"loc":{"start":{"line":44,"column":73},"end":{"line":44,"column":123}},"type":"cond-expr","locations":[{"start":{"line":44,"column":82},"end":{"line":44,"column":119}},{"start":{"line":44,"column":119},"end":{"line":44,"column":123}}]},"6":{"loc":{"start":{"line":46,"column":9},"end":{"line":46,"column":null}},"type":"binary-expr","locations":[{"start":{"line":46,"column":9},"end":{"line":46,"column":null}}]},"7":{"loc":{"start":{"line":56,"column":12},"end":{"line":58,"column":null}},"type":"cond-expr","locations":[{"start":{"line":57,"column":14},"end":{"line":57,"column":null}},{"start":{"line":58,"column":14},"end":{"line":58,"column":null}}]},"8":{"loc":{"start":{"line":62,"column":11},"end":{"line":62,"column":null}},"type":"binary-expr","locations":[{"start":{"line":62,"column":11},"end":{"line":62,"column":null}}]},"9":{"loc":{"start":{"line":77,"column":42},"end":{"line":77,"column":89}},"type":"cond-expr","locations":[{"start":{"line":77,"column":51},"end":{"line":77,"column":72}},{"start":{"line":77,"column":72},"end":{"line":77,"column":89}}]},"10":{"loc":{"start":{"line":82,"column":14},"end":{"line":82,"column":null}},"type":"cond-expr","locations":[{"start":{"line":82,"column":23},"end":{"line":82,"column":44}},{"start":{"line":82,"column":44},"end":{"line":82,"column":null}}]}},"s":{"0":0,"1":10,"2":1,"3":1,"4":1,"5":10,"6":10,"7":10,"8":1},"f":{"0":10},"b":{"0":[6],"1":[10,7],"2":[6,4],"3":[9,1],"4":[5,4],"5":[6,4],"6":[10],"7":[6,4],"8":[10],"9":[6,4],"10":[6,4]}}
,"/Users/arustarawaratit/chatbotapp/frontend/src/components/MessageInput.tsx": {"path":"/Users/arustarawaratit/chatbotapp/frontend/src/components/MessageInput.tsx","statementMap":{"0":{"start":{"line":15,"column":13},"end":{"line":15,"column":51}},"1":{"start":{"line":151,"column":0},"end":{"line":151,"column":15}},"2":{"start":{"line":3,"column":59},"end":{"line":3,"column":null}},"3":{"start":{"line":15,"column":51},"end":{"line":149,"column":null}},"4":{"start":{"line":19,"column":32},"end":{"line":19,"column":null}},"5":{"start":{"line":20,"column":36},"end":{"line":20,"column":null}},"6":{"start":{"line":21,"column":22},"end":{"line":21,"column":null}},"7":{"start":{"line":24,"column":2},"end":{"line":47,"column":null}},"8":{"start":{"line":25,"column":4},"end":{"line":46,"column":null}},"9":{"start":{"line":27,"column":6},"end":{"line":27,"column":null}},"10":{"start":{"line":30,"column":27},"end":{"line":30,"column":59}},"11":{"start":{"line":31,"column":24},"end":{"line":31,"column":29}},"12":{"start":{"line":32,"column":24},"end":{"line":32,"column":null}},"13":{"start":{"line":34,"column":6},"end":{"line":34,"column":null}},"14":{"start":{"line":37,"column":6},"end":{"line":45,"column":null}},"15":{"start":{"line":38,"column":8},"end":{"line":38,"column":null}},"16":{"start":{"line":39,"column":8},"end":{"line":39,"column":null}},"17":{"start":{"line":40,"column":8},"end":{"line":40,"column":null}},"18":{"start":{"line":42,"column":8},"end":{"line":42,"column":null}},"19":{"start":{"line":43,"column":8},"end":{"line":43,"column":null}},"20":{"start":{"line":44,"column":8},"end":{"line":44,"column":null}},"21":{"start":{"line":49,"column":23},"end":{"line":55,"column":null}},"22":{"start":{"line":50,"column":4},"end":{"line":50,"column":null}},"23":{"start":{"line":51,"column":4},"end":{"line":54,"column":null}},"24":{"start":{"line":52,"column":6},"end":{"line":52,"column":null}},"25":{"start":{"line":53,"column":6},"end":{"line":53,"column":null}},"26":{"start":{"line":57,"column":25},"end":{"line":62,"column":null}},"27":{"start":{"line":58,"column":4},"end":{"line":61,"column":null}},"28":{"start":{"line":59,"column":6},"end":{"line":59,"column":null}},"29":{"start":{"line":60,"column":6},"end":{"line":60,"column":null}},"30":{"start":{"line":64,"column":22},"end":{"line":64,"column":null}},"31":{"start":{"line":64,"column":28},"end":{"line":64,"column":null}},"32":{"start":{"line":65,"column":21},"end":{"line":65,"column":null}},"33":{"start":{"line":65,"column":27},"end":{"line":65,"column":null}},"34":{"start":{"line":74,"column":27},"end":{"line":74,"column":null}},"35":{"start":{"line":151,"column":15},"end":{"line":151,"column":null}}},"fnMap":{"0":{"name":"(anonymous_3)","decl":{"start":{"line":15,"column":51},"end":{"line":15,"column":52}},"loc":{"start":{"line":18,"column":1},"end":{"line":149,"column":null}}},"1":{"name":"(anonymous_4)","decl":{"start":{"line":24,"column":12},"end":{"line":24,"column":null}},"loc":{"start":{"line":24,"column":12},"end":{"line":47,"column":5}}},"2":{"name":"(anonymous_5)","decl":{"start":{"line":49,"column":23},"end":{"line":49,"column":24}},"loc":{"start":{"line":49,"column":24},"end":{"line":55,"column":null}}},"3":{"name":"(anonymous_6)","decl":{"start":{"line":57,"column":25},"end":{"line":57,"column":26}},"loc":{"start":{"line":57,"column":26},"end":{"line":62,"column":null}}},"4":{"name":"(anonymous_7)","decl":{"start":{"line":64,"column":22},"end":{"line":64,"column":28}},"loc":{"start":{"line":64,"column":28},"end":{"line":64,"column":null}}},"5":{"name":"(anonymous_8)","decl":{"start":{"line":65,"column":21},"end":{"line":65,"column":27}},"loc":{"start":{"line":65,"column":27},"end":{"line":65,"column":null}}},"6":{"name":"(anonymous_9)","decl":{"start":{"line":74,"column":20},"end":{"line":74,"column":21}},"loc":{"start":{"line":74,"column":27},"end":{"line":74,"column":null}}}},"branchMap":{"0":{"loc":{"start":{"line":17,"column":2},"end":{"line":17,"column":18}},"type":"default-arg","locations":[{"start":{"line":17,"column":13},"end":{"line":17,"column":18}}]},"1":{"loc":{"start":{"line":25,"column":4},"end":{"line":46,"column":null}},"type":"if","locations":[{"start":{"line":25,"column":4},"end":{"line":46,"column":null}}]},"2":{"loc":{"start":{"line":37,"column":6},"end":{"line":45,"column":null}},"type":"if","locations":[{"start":{"line":37,"column":6},"end":{"line":45,"column":null}},{"start":{"line":41,"column":13},"end":{"line":45,"column":null}}]},"3":{"loc":{"start":{"line":51,"column":4},"end":{"line":54,"column":null}},"type":"if","locations":[{"start":{"line":51,"column":4},"end":{"line":54,"column":null}}]},"4":{"loc":{"start":{"line":51,"column":8},"end":{"line":51,"column":37}},"type":"binary-expr","locations":[{"start":{"line":51,"column":8},"end":{"line":51,"column":26}},{"start":{"line":51,"column":26},"end":{"line":51,"column":37}}]},"5":{"loc":{"start":{"line":58,"column":4},"end":{"line":61,"column":null}},"type":"if","locations":[{"start":{"line":58,"column":4},"end":{"line":61,"column":null}}]},"6":{"loc":{"start":{"line":58,"column":8},"end":{"line":58,"column":40}},"type":"binary-expr","locations":[{"start":{"line":58,"column":8},"end":{"line":58,"column":29}},{"start":{"line":58,"column":29},"end":{"line":58,"column":40}}]},"7":{"loc":{"start":{"line":87,"column":14},"end":{"line":89,"column":null}},"type":"cond-expr","locations":[{"start":{"line":88,"column":16},"end":{"line":88,"column":null}},{"start":{"line":89,"column":16},"end":{"line":89,"column":null}}]},"8":{"loc":{"start":{"line":91,"column":14},"end":{"line":91,"column":43}},"type":"cond-expr","locations":[{"start":{"line":91,"column":25},"end":{"line":91,"column":40}},{"start":{"line":91,"column":40},"end":{"line":91,"column":43}}]},"9":{"loc":{"start":{"line":101,"column":9},"end":{"line":101,"column":null}},"type":"binary-expr","locations":[{"start":{"line":101,"column":9},"end":{"line":101,"column":null}}]},"10":{"loc":{"start":{"line":111,"column":18},"end":{"line":111,"column":null}},"type":"binary-expr","locations":[{"start":{"line":111,"column":18},"end":{"line":111,"column":37}},{"start":{"line":111,"column":37},"end":{"line":111,"column":null}}]},"11":{"loc":{"start":{"line":117,"column":12},"end":{"line":119,"column":null}},"type":"cond-expr","locations":[{"start":{"line":118,"column":14},"end":{"line":118,"column":null}},{"start":{"line":119,"column":14},"end":{"line":119,"column":null}}]},"12":{"loc":{"start":{"line":117,"column":12},"end":{"line":117,"column":null}},"type":"binary-expr","locations":[{"start":{"line":117,"column":12},"end":{"line":117,"column":31}},{"start":{"line":117,"column":31},"end":{"line":117,"column":null}}]},"13":{"loc":{"start":{"line":124,"column":10},"end":{"line":129,"column":11}},"type":"cond-expr","locations":[{"start":{"line":124,"column":10},"end":{"line":129,"column":11}}]}},"s":{"0":0,"1":6,"2":1,"3":1,"4":46,"5":46,"6":46,"7":46,"8":46,"9":46,"10":46,"11":46,"12":46,"13":46,"14":46,"15":0,"16":0,"17":0,"18":46,"19":46,"20":46,"21":46,"22":3,"23":3,"24":3,"25":3,"26":46,"27":38,"28":1,"29":1,"30":46,"31":3,"32":46,"33":2,"34":37,"35":1},"f":{"0":46,"1":46,"2":3,"3":38,"4":3,"5":2,"6":37},"b":{"0":[45],"1":[46],"2":[0,46],"3":[3],"4":[3,3],"5":[1],"6":[38,1],"7":[38,8],"8":[1,45],"9":[46],"10":[46,37],"11":[9,37],"12":[46,37],"13":[1]}}
,"/Users/arustarawaratit/chatbotapp/frontend/src/components/StarRating.tsx": {"path":"/Users/arustarawaratit/chatbotapp/frontend/src/components/StarRating.tsx","statementMap":{"0":{"start":{"line":18,"column":13},"end":{"line":18,"column":47}},"1":{"start":{"line":118,"column":0},"end":{"line":118,"column":15}},"2":{"start":{"line":3,"column":25},"end":{"line":3,"column":null}},"3":{"start":{"line":18,"column":47},"end":{"line":116,"column":null}},"4":{"start":{"line":25,"column":40},"end":{"line":25,"column":null}},"5":{"start":{"line":27,"column":22},"end":{"line":31,"column":null}},"6":{"start":{"line":33,"column":17},"end":{"line":39,"column":null}},"7":{"start":{"line":41,"column":26},"end":{"line":45,"column":null}},"8":{"start":{"line":42,"column":4},"end":{"line":44,"column":null}},"9":{"start":{"line":43,"column":6},"end":{"line":43,"column":null}},"10":{"start":{"line":47,"column":26},"end":{"line":51,"column":null}},"11":{"start":{"line":48,"column":4},"end":{"line":50,"column":null}},"12":{"start":{"line":49,"column":6},"end":{"line":49,"column":null}},"13":{"start":{"line":53,"column":27},"end":{"line":57,"column":null}},"14":{"start":{"line":54,"column":4},"end":{"line":56,"column":null}},"15":{"start":{"line":55,"column":6},"end":{"line":55,"column":null}},"16":{"start":{"line":59,"column":23},"end":{"line":65,"column":null}},"17":{"start":{"line":60,"column":26},"end":{"line":60,"column":null}},"18":{"start":{"line":61,"column":4},"end":{"line":63,"column":null}},"19":{"start":{"line":62,"column":6},"end":{"line":62,"column":null}},"20":{"start":{"line":64,"column":4},"end":{"line":64,"column":null}},"21":{"start":{"line":75,"column":10},"end":{"line":76,"column":null}},"22":{"start":{"line":85,"column":27},"end":{"line":85,"column":null}},"23":{"start":{"line":86,"column":32},"end":{"line":86,"column":null}},"24":{"start":{"line":118,"column":15},"end":{"line":118,"column":null}}},"fnMap":{"0":{"name":"(anonymous_3)","decl":{"start":{"line":18,"column":47},"end":{"line":18,"column":48}},"loc":{"start":{"line":24,"column":1},"end":{"line":116,"column":null}}},"1":{"name":"(anonymous_4)","decl":{"start":{"line":41,"column":26},"end":{"line":41,"column":27}},"loc":{"start":{"line":41,"column":27},"end":{"line":45,"column":null}}},"2":{"name":"(anonymous_5)","decl":{"start":{"line":47,"column":26},"end":{"line":47,"column":27}},"loc":{"start":{"line":47,"column":27},"end":{"line":51,"column":null}}},"3":{"name":"(anonymous_6)","decl":{"start":{"line":53,"column":27},"end":{"line":53,"column":null}},"loc":{"start":{"line":53,"column":27},"end":{"line":57,"column":null}}},"4":{"name":"(anonymous_7)","decl":{"start":{"line":59,"column":23},"end":{"line":59,"column":24}},"loc":{"start":{"line":59,"column":24},"end":{"line":65,"column":null}}},"5":{"name":"(anonymous_8)","decl":{"start":{"line":74,"column":29},"end":{"line":74,"column":30}},"loc":{"start":{"line":75,"column":10},"end":{"line":76,"column":null}}},"6":{"name":"(anonymous_9)","decl":{"start":{"line":85,"column":21},"end":{"line":85,"column":27}},"loc":{"start":{"line":85,"column":27},"end":{"line":85,"column":null}}},"7":{"name":"(anonymous_10)","decl":{"start":{"line":86,"column":26},"end":{"line":86,"column":32}},"loc":{"start":{"line":86,"column":32},"end":{"line":86,"column":null}}}},"branchMap":{"0":{"loc":{"start":{"line":21,"column":2},"end":{"line":21,"column":13}},"type":"default-arg","locations":[{"start":{"line":21,"column":9},"end":{"line":21,"column":13}}]},"1":{"loc":{"start":{"line":22,"column":2},"end":{"line":22,"column":18}},"type":"default-arg","locations":[{"start":{"line":22,"column":13},"end":{"line":22,"column":18}}]},"2":{"loc":{"start":{"line":23,"column":2},"end":{"line":23,"column":19}},"type":"default-arg","locations":[{"start":{"line":23,"column":15},"end":{"line":23,"column":19}}]},"3":{"loc":{"start":{"line":42,"column":4},"end":{"line":44,"column":null}},"type":"if","locations":[{"start":{"line":42,"column":4},"end":{"line":44,"column":null}}]},"4":{"loc":{"start":{"line":48,"column":4},"end":{"line":50,"column":null}},"type":"if","locations":[{"start":{"line":48,"column":4},"end":{"line":50,"column":null}}]},"5":{"loc":{"start":{"line":54,"column":4},"end":{"line":56,"column":null}},"type":"if","locations":[{"start":{"line":54,"column":4},"end":{"line":56,"column":null}}]},"6":{"loc":{"start":{"line":60,"column":26},"end":{"line":60,"column":null}},"type":"binary-expr","locations":[{"start":{"line":60,"column":26},"end":{"line":60,"column":41}},{"start":{"line":60,"column":41},"end":{"line":60,"column":null}}]},"7":{"loc":{"start":{"line":61,"column":4},"end":{"line":63,"column":null}},"type":"if","locations":[{"start":{"line":61,"column":4},"end":{"line":63,"column":null}}]},"8":{"loc":{"start":{"line":81,"column":16},"end":{"line":81,"column":83}},"type":"cond-expr","locations":[{"start":{"line":81,"column":27},"end":{"line":81,"column":50}},{"start":{"line":81,"column":50},"end":{"line":81,"column":83}}]},"9":{"loc":{"start":{"line":104,"column":7},"end":{"line":104,"column":22}},"type":"binary-expr","locations":[{"start":{"line":104,"column":7},"end":{"line":104,"column":22}},{"start":{"line":104,"column":22},"end":{"line":104,"column":41}},{"start":{"line":104,"column":41},"end":{"line":104,"column":null}}]},"10":{"loc":{"start":{"line":106,"column":19},"end":{"line":106,"column":39}},"type":"binary-expr","locations":[{"start":{"line":106,"column":19},"end":{"line":106,"column":34}},{"start":{"line":106,"column":34},"end":{"line":106,"column":39}}]},"11":{"loc":{"start":{"line":112,"column":9},"end":{"line":112,"column":null}},"type":"cond-expr","locations":[{"start":{"line":112,"column":22},"end":{"line":112,"column":41}},{"start":{"line":112,"column":44},"end":{"line":112,"column":null}}]}},"s":{"0":0,"1":0,"2":0,"3":0,"4":0,"5":0,"6":0,"7":0,"8":0,"9":0,"10":0,"11":0,"12":0,"13":0,"14":0,"15":0,"16":0,"17":0,"18":0,"19":0,"20":0,"21":0,"22":0,"23":0,"24":0},"f":{"0":0,"1":0,"2":0,"3":0,"4":0,"5":0,"6":0,"7":0},"b":{"0":[0],"1":[0],"2":[0],"3":[0],"4":[0],"5":[0],"6":[0,0],"7":[0],"8":[0,0],"9":[0,0,0],"10":[0,0],"11":[0,0]}}
,"/Users/arustarawaratit/chatbotapp/frontend/src/hooks/useGreeting.ts": {"path":"/Users/arustarawaratit/chatbotapp/frontend/src/hooks/useGreeting.ts","statementMap":{"0":{"start":{"line":21,"column":13},"end":{"line":21,"column":27}},"1":{"start":{"line":3,"column":38},"end":{"line":3,"column":null}},"2":{"start":{"line":4,"column":28},"end":{"line":4,"column":null}},"3":{"start":{"line":21,"column":27},"end":{"line":66,"column":null}},"4":{"start":{"line":22,"column":34},"end":{"line":22,"column":null}},"5":{"start":{"line":23,"column":42},"end":{"line":23,"column":null}},"6":{"start":{"line":24,"column":28},"end":{"line":24,"column":null}},"7":{"start":{"line":26,"column":20},"end":{"line":26,"column":null}},"8":{"start":{"line":32,"column":24},"end":{"line":47,"column":null}},"9":{"start":{"line":33,"column":4},"end":{"line":46,"column":null}},"10":{"start":{"line":34,"column":6},"end":{"line":34,"column":null}},"11":{"start":{"line":35,"column":6},"end":{"line":35,"column":null}},"12":{"start":{"line":37,"column":27},"end":{"line":37,"column":null}},"13":{"start":{"line":39,"column":6},"end":{"line":39,"column":null}},"14":{"start":{"line":40,"column":6},"end":{"line":40,"column":null}},"15":{"start":{"line":42,"column":27},"end":{"line":42,"column":null}},"16":{"start":{"line":43,"column":6},"end":{"line":43,"column":null}},"17":{"start":{"line":44,"column":6},"end":{"line":44,"column":null}},"18":{"start":{"line":45,"column":6},"end":{"line":45,"column":null}},"19":{"start":{"line":52,"column":21},"end":{"line":57,"column":null}},"20":{"start":{"line":53,"column":4},"end":{"line":53,"column":null}},"21":{"start":{"line":54,"column":4},"end":{"line":56,"column":null}},"22":{"start":{"line":55,"column":6},"end":{"line":55,"column":null}},"23":{"start":{"line":59,"column":2},"end":{"line":65,"column":null}}},"fnMap":{"0":{"name":"(anonymous_1)","decl":{"start":{"line":21,"column":27},"end":{"line":21,"column":null}},"loc":{"start":{"line":21,"column":27},"end":{"line":66,"column":null}}},"1":{"name":"(anonymous_2)","decl":{"start":{"line":32,"column":36},"end":{"line":32,"column":43}},"loc":{"start":{"line":32,"column":43},"end":{"line":47,"column":5}}},"2":{"name":"(anonymous_3)","decl":{"start":{"line":52,"column":33},"end":{"line":52,"column":null}},"loc":{"start":{"line":52,"column":33},"end":{"line":57,"column":5}}}},"branchMap":{"0":{"loc":{"start":{"line":42,"column":27},"end":{"line":42,"column":null}},"type":"cond-expr","locations":[{"start":{"line":42,"column":50},"end":{"line":42,"column":61}},{"start":{"line":42,"column":64},"end":{"line":42,"column":null}}]},"1":{"loc":{"start":{"line":54,"column":4},"end":{"line":56,"column":null}},"type":"if","locations":[{"start":{"line":54,"column":4},"end":{"line":56,"column":null}}]}},"s":{"0":20,"1":2,"2":2,"3":2,"4":19,"5":19,"6":19,"7":19,"8":19,"9":10,"10":10,"11":10,"12":10,"13":6,"14":6,"15":4,"16":4,"17":4,"18":4,"19":19,"20":2,"21":2,"22":2,"23":19},"f":{"0":19,"1":10,"2":2},"b":{"0":[3,1],"1":[2]}}
,"/Users/arustarawaratit/chatbotapp/frontend/src/hooks/useSilenceTracker.ts": {"path":"/Users/arustarawaratit/chatbotapp/frontend/src/hooks/useSilenceTracker.ts","statementMap":{"0":{"start":{"line":213,"column":0},"end":{"line":213,"column":15}},"1":{"start":{"line":32,"column":13},"end":{"line":32,"column":33}},"2":{"start":{"line":3,"column":57},"end":{"line":3,"column":null}},"3":{"start":{"line":4,"column":28},"end":{"line":4,"column":null}},"4":{"start":{"line":32,"column":33},"end":{"line":211,"column":null}},"5":{"start":{"line":41,"column":46},"end":{"line":47,"column":null}},"6":{"start":{"line":41,"column":78},"end":{"line":47,"column":null}},"7":{"start":{"line":49,"column":34},"end":{"line":49,"column":null}},"8":{"start":{"line":50,"column":22},"end":{"line":50,"column":null}},"9":{"start":{"line":51,"column":23},"end":{"line":51,"column":null}},"10":{"start":{"line":54,"column":2},"end":{"line":56,"column":null}},"11":{"start":{"line":55,"column":4},"end":{"line":55,"column":null}},"12":{"start":{"line":62,"column":24},"end":{"line":78,"column":null}},"13":{"start":{"line":63,"column":16},"end":{"line":63,"column":null}},"14":{"start":{"line":64,"column":4},"end":{"line":69,"column":null}},"15":{"start":{"line":64,"column":31},"end":{"line":69,"column":null}},"16":{"start":{"line":72,"column":4},"end":{"line":72,"column":null}},"17":{"start":{"line":75,"column":4},"end":{"line":77,"column":null}},"18":{"start":{"line":76,"column":6},"end":{"line":76,"column":null}},"19":{"start":{"line":83,"column":24},"end":{"line":89,"column":null}},"20":{"start":{"line":84,"column":4},"end":{"line":84,"column":null}},"21":{"start":{"line":85,"column":4},"end":{"line":88,"column":null}},"22":{"start":{"line":86,"column":6},"end":{"line":86,"column":null}},"23":{"start":{"line":87,"column":6},"end":{"line":87,"column":null}},"24":{"start":{"line":94,"column":25},"end":{"line":97,"column":null}},"25":{"start":{"line":95,"column":4},"end":{"line":95,"column":null}},"26":{"start":{"line":96,"column":4},"end":{"line":96,"column":null}},"27":{"start":{"line":102,"column":27},"end":{"line":105,"column":null}},"28":{"start":{"line":103,"column":71},"end":{"line":103,"column":null}},"29":{"start":{"line":104,"column":4},"end":{"line":104,"column":null}},"30":{"start":{"line":110,"column":29},"end":{"line":146,"column":null}},"31":{"start":{"line":112,"column":27},"end":{"line":112,"column":41}},"32":{"start":{"line":113,"column":24},"end":{"line":114,"column":null}},"33":{"start":{"line":114,"column":6},"end":{"line":114,"column":null}},"34":{"start":{"line":117,"column":4},"end":{"line":117,"column":null}},"35":{"start":{"line":117,"column":22},"end":{"line":117,"column":null}},"36":{"start":{"line":119,"column":4},"end":{"line":119,"column":null}},"37":{"start":{"line":121,"column":4},"end":{"line":145,"column":null}},"38":{"start":{"line":122,"column":50},"end":{"line":130,"column":null}},"39":{"start":{"line":132,"column":23},"end":{"line":132,"column":null}},"40":{"start":{"line":134,"column":6},"end":{"line":142,"column":null}},"41":{"start":{"line":135,"column":8},"end":{"line":135,"column":null}},"42":{"start":{"line":138,"column":8},"end":{"line":141,"column":null}},"43":{"start":{"line":138,"column":35},"end":{"line":141,"column":null}},"44":{"start":{"line":144,"column":6},"end":{"line":144,"column":null}},"45":{"start":{"line":151,"column":2},"end":{"line":182,"column":null}},"46":{"start":{"line":152,"column":4},"end":{"line":154,"column":null}},"47":{"start":{"line":153,"column":6},"end":{"line":153,"column":null}},"48":{"start":{"line":156,"column":4},"end":{"line":174,"column":14}},"49":{"start":{"line":157,"column":6},"end":{"line":173,"column":null}},"50":{"start":{"line":158,"column":20},"end":{"line":158,"column":null}},"51":{"start":{"line":159,"column":32},"end":{"line":159,"column":null}},"52":{"start":{"line":161,"column":31},"end":{"line":165,"column":null}},"53":{"start":{"line":168,"column":8},"end":{"line":170,"column":null}},"54":{"start":{"line":169,"column":10},"end":{"line":169,"column":null}},"55":{"start":{"line":172,"column":8},"end":{"line":172,"column":null}},"56":{"start":{"line":176,"column":4},"end":{"line":181,"column":null}},"57":{"start":{"line":177,"column":6},"end":{"line":180,"column":null}},"58":{"start":{"line":178,"column":8},"end":{"line":178,"column":null}},"59":{"start":{"line":179,"column":8},"end":{"line":179,"column":null}},"60":{"start":{"line":187,"column":2},"end":{"line":191,"column":null}},"61":{"start":{"line":188,"column":4},"end":{"line":190,"column":null}},"62":{"start":{"line":189,"column":6},"end":{"line":189,"column":null}},"63":{"start":{"line":196,"column":2},"end":{"line":202,"column":null}},"64":{"start":{"line":197,"column":4},"end":{"line":201,"column":null}},"65":{"start":{"line":198,"column":6},"end":{"line":200,"column":null}},"66":{"start":{"line":199,"column":8},"end":{"line":199,"column":null}},"67":{"start":{"line":204,"column":2},"end":{"line":210,"column":null}},"68":{"start":{"line":213,"column":15},"end":{"line":213,"column":null}}},"fnMap":{"0":{"name":"(anonymous_3)","decl":{"start":{"line":32,"column":33},"end":{"line":32,"column":34}},"loc":{"start":{"line":39,"column":25},"end":{"line":211,"column":null}}},"1":{"name":"(anonymous_4)","decl":{"start":{"line":41,"column":71},"end":{"line":41,"column":78}},"loc":{"start":{"line":41,"column":78},"end":{"line":47,"column":null}}},"2":{"name":"(anonymous_5)","decl":{"start":{"line":54,"column":12},"end":{"line":54,"column":null}},"loc":{"start":{"line":54,"column":12},"end":{"line":56,"column":5}}},"3":{"name":"(anonymous_6)","decl":{"start":{"line":62,"column":36},"end":{"line":62,"column":null}},"loc":{"start":{"line":62,"column":36},"end":{"line":78,"column":5}}},"4":{"name":"(anonymous_7)","decl":{"start":{"line":64,"column":22},"end":{"line":64,"column":31}},"loc":{"start":{"line":64,"column":31},"end":{"line":69,"column":null}}},"5":{"name":"(anonymous_8)","decl":{"start":{"line":75,"column":47},"end":{"line":75,"column":null}},"loc":{"start":{"line":75,"column":47},"end":{"line":77,"column":null}}},"6":{"name":"(anonymous_9)","decl":{"start":{"line":83,"column":36},"end":{"line":83,"column":null}},"loc":{"start":{"line":83,"column":36},"end":{"line":89,"column":5}}},"7":{"name":"(anonymous_10)","decl":{"start":{"line":94,"column":37},"end":{"line":94,"column":null}},"loc":{"start":{"line":94,"column":37},"end":{"line":97,"column":5}}},"8":{"name":"(anonymous_11)","decl":{"start":{"line":102,"column":39},"end":{"line":102,"column":null}},"loc":{"start":{"line":102,"column":39},"end":{"line":105,"column":5}}},"9":{"name":"(anonymous_12)","decl":{"start":{"line":110,"column":41},"end":{"line":110,"column":48}},"loc":{"start":{"line":110,"column":48},"end":{"line":146,"column":5}}},"10":{"name":"(anonymous_13)","decl":{"start":{"line":113,"column":44},"end":{"line":113,"column":null}},"loc":{"start":{"line":114,"column":6},"end":{"line":114,"column":null}}},"11":{"name":"(anonymous_14)","decl":{"start":{"line":138,"column":26},"end":{"line":138,"column":35}},"loc":{"start":{"line":138,"column":35},"end":{"line":141,"column":null}}},"12":{"name":"(anonymous_15)","decl":{"start":{"line":151,"column":12},"end":{"line":151,"column":null}},"loc":{"start":{"line":151,"column":12},"end":{"line":182,"column":5}}},"13":{"name":"(anonymous_16)","decl":{"start":{"line":156,"column":38},"end":{"line":156,"column":null}},"loc":{"start":{"line":156,"column":38},"end":{"line":174,"column":7}}},"14":{"name":"(anonymous_17)","decl":{"start":{"line":157,"column":24},"end":{"line":157,"column":null}},"loc":{"start":{"line":157,"column":24},"end":{"line":173,"column":null}}},"15":{"name":"(anonymous_18)","decl":{"start":{"line":176,"column":11},"end":{"line":176,"column":null}},"loc":{"start":{"line":176,"column":11},"end":{"line":181,"column":null}}},"16":{"name":"(anonymous_19)","decl":{"start":{"line":187,"column":12},"end":{"line":187,"column":null}},"loc":{"start":{"line":187,"column":12},"end":{"line":191,"column":5}}},"17":{"name":"(anonymous_20)","decl":{"start":{"line":196,"column":12},"end":{"line":196,"column":null}},"loc":{"start":{"line":196,"column":12},"end":{"line":202,"column":5}}},"18":{"name":"(anonymous_21)","decl":{"start":{"line":197,"column":11},"end":{"line":197,"column":null}},"loc":{"start":{"line":197,"column":11},"end":{"line":201,"column":null}}}},"branchMap":{"0":{"loc":{"start":{"line":35,"column":2},"end":{"line":35,"column":31}},"type":"default-arg","locations":[{"start":{"line":35,"column":22},"end":{"line":35,"column":31}}]},"1":{"loc":{"start":{"line":37,"column":2},"end":{"line":37,"column":18}},"type":"default-arg","locations":[{"start":{"line":37,"column":14},"end":{"line":37,"column":18}}]},"2":{"loc":{"start":{"line":85,"column":4},"end":{"line":88,"column":null}},"type":"if","locations":[{"start":{"line":85,"column":4},"end":{"line":88,"column":null}}]},"3":{"loc":{"start":{"line":114,"column":6},"end":{"line":114,"column":null}},"type":"binary-expr","locations":[{"start":{"line":114,"column":6},"end":{"line":114,"column":44}},{"start":{"line":114,"column":44},"end":{"line":114,"column":null}}]},"4":{"loc":{"start":{"line":117,"column":4},"end":{"line":117,"column":null}},"type":"if","locations":[{"start":{"line":117,"column":4},"end":{"line":117,"column":null}}]},"5":{"loc":{"start":{"line":134,"column":6},"end":{"line":142,"column":null}},"type":"if","locations":[{"start":{"line":134,"column":6},"end":{"line":142,"column":null}}]},"6":{"loc":{"start":{"line":134,"column":10},"end":{"line":134,"column":39}},"type":"binary-expr","locations":[{"start":{"line":134,"column":10},"end":{"line":134,"column":22}},{"start":{"line":134,"column":22},"end":{"line":134,"column":39}}]},"7":{"loc":{"start":{"line":152,"column":4},"end":{"line":154,"column":null}},"type":"if","locations":[{"start":{"line":152,"column":4},"end":{"line":154,"column":null}}]},"8":{"loc":{"start":{"line":152,"column":8},"end":{"line":152,"column":32}},"type":"binary-expr","locations":[{"start":{"line":152,"column":8},"end":{"line":152,"column":20}},{"start":{"line":152,"column":20},"end":{"line":152,"column":32}}]},"9":{"loc":{"start":{"line":168,"column":8},"end":{"line":170,"column":null}},"type":"if","locations":[{"start":{"line":168,"column":8},"end":{"line":170,"column":null}}]},"10":{"loc":{"start":{"line":177,"column":6},"end":{"line":180,"column":null}},"type":"if","locations":[{"start":{"line":177,"column":6},"end":{"line":180,"column":null}}]},"11":{"loc":{"start":{"line":188,"column":4},"end":{"line":190,"column":null}},"type":"if","locations":[{"start":{"line":188,"column":4},"end":{"line":190,"column":null}}]},"12":{"loc":{"start":{"line":198,"column":6},"end":{"line":200,"column":null}},"type":"if","locations":[{"start":{"line":198,"column":6},"end":{"line":200,"column":null}}]}},"s":{"0":0,"1":0,"2":0,"3":0,"4":0,"5":0,"6":0,"7":0,"8":0,"9":0,"10":0,"11":0,"12":0,"13":0,"14":0,"15":0,"16":0,"17":0,"18":0,"19":0,"20":0,"21":0,"22":0,"23":0,"24":0,"25":0,"26":0,"27":0,"28":0,"29":0,"30":0,"31":0,"32":0,"33":0,"34":0,"35":0,"36":0,"37":0,"38":0,"39":0,"40":0,"41":0,"42":0,"43":0,"44":0,"45":0,"46":0,"47":0,"48":0,"49":0,"50":0,"51":0,"52":0,"53":0,"54":0,"55":0,"56":0,"57":0,"58":0,"59":0,"60":0,"61":0,"62":0,"63":0,"64":0,"65":0,"66":0,"67":0,"68":0},"f":{"0":0,"1":0,"2":0,"3":0,"4":0,"5":0,"6":0,"7":0,"8":0,"9":0,"10":0,"11":0,"12":0,"13":0,"14":0,"15":0,"16":0,"17":0,"18":0},"b":{"0":[0],"1":[0],"2":[0],"3":[0,0],"4":[0],"5":[0],"6":[0,0],"7":[0],"8":[0,0],"9":[0],"10":[0],"11":[0],"12":[0]}}
,"/Users/arustarawaratit/chatbotapp/frontend/src/services/chatService.ts": {"path":"/Users/arustarawaratit/chatbotapp/frontend/src/services/chatService.ts","statementMap":{"0":{"start":{"line":162,"column":13},"end":{"line":162,"column":27}},"1":{"start":{"line":167,"column":13},"end":{"line":167,"column":27}},"2":{"start":{"line":166,"column":13},"end":{"line":166,"column":27}},"3":{"start":{"line":165,"column":13},"end":{"line":165,"column":27}},"4":{"start":{"line":1,"column":18},"end":{"line":1,"column":null}},"5":{"start":{"line":12,"column":21},"end":{"line":12,"column":null}},"6":{"start":{"line":43,"column":4},"end":{"line":69,"column":null}},"7":{"start":{"line":44,"column":35},"end":{"line":47,"column":null}},"8":{"start":{"line":48,"column":23},"end":{"line":48,"column":null}},"9":{"start":{"line":49,"column":6},"end":{"line":49,"column":null}},"10":{"start":{"line":51,"column":6},"end":{"line":51,"column":null}},"11":{"start":{"line":54,"column":6},"end":{"line":68,"column":null}},"12":{"start":{"line":56,"column":23},"end":{"line":56,"column":44}},"13":{"start":{"line":57,"column":27},"end":{"line":57,"column":52}},"14":{"start":{"line":58,"column":8},"end":{"line":58,"column":null}},"15":{"start":{"line":59,"column":8},"end":{"line":59,"column":null}},"16":{"start":{"line":60,"column":13},"end":{"line":68,"column":null}},"17":{"start":{"line":62,"column":8},"end":{"line":62,"column":null}},"18":{"start":{"line":63,"column":8},"end":{"line":63,"column":null}},"19":{"start":{"line":66,"column":8},"end":{"line":66,"column":null}},"20":{"start":{"line":67,"column":8},"end":{"line":67,"column":null}},"21":{"start":{"line":79,"column":4},"end":{"line":86,"column":null}},"22":{"start":{"line":80,"column":21},"end":{"line":80,"column":null}},"23":{"start":{"line":81,"column":23},"end":{"line":81,"column":null}},"24":{"start":{"line":82,"column":6},"end":{"line":82,"column":null}},"25":{"start":{"line":84,"column":6},"end":{"line":84,"column":null}},"26":{"start":{"line":85,"column":6},"end":{"line":85,"column":null}},"27":{"start":{"line":95,"column":4},"end":{"line":101,"column":null}},"28":{"start":{"line":96,"column":23},"end":{"line":96,"column":null}},"29":{"start":{"line":97,"column":6},"end":{"line":97,"column":null}},"30":{"start":{"line":99,"column":6},"end":{"line":99,"column":null}},"31":{"start":{"line":100,"column":6},"end":{"line":100,"column":null}},"32":{"start":{"line":111,"column":4},"end":{"line":122,"column":null}},"33":{"start":{"line":112,"column":23},"end":{"line":112,"column":null}},"34":{"start":{"line":113,"column":6},"end":{"line":113,"column":null}},"35":{"start":{"line":115,"column":6},"end":{"line":115,"column":null}},"36":{"start":{"line":117,"column":6},"end":{"line":119,"column":null}},"37":{"start":{"line":118,"column":8},"end":{"line":118,"column":null}},"38":{"start":{"line":121,"column":6},"end":{"line":121,"column":null}},"39":{"start":{"line":132,"column":4},"end":{"line":143,"column":null}},"40":{"start":{"line":133,"column":23},"end":{"line":133,"column":null}},"41":{"start":{"line":134,"column":6},"end":{"line":134,"column":null}},"42":{"start":{"line":136,"column":6},"end":{"line":139,"column":null}},"43":{"start":{"line":138,"column":8},"end":{"line":138,"column":null}},"44":{"start":{"line":141,"column":6},"end":{"line":141,"column":null}},"45":{"start":{"line":142,"column":6},"end":{"line":142,"column":null}},"46":{"start":{"line":152,"column":4},"end":{"line":157,"column":null}},"47":{"start":{"line":153,"column":6},"end":{"line":153,"column":null}},"48":{"start":{"line":155,"column":6},"end":{"line":155,"column":null}},"49":{"start":{"line":19,"column":19},"end":{"line":25,"column":null}},"50":{"start":{"line":27,"column":19},"end":{"line":33,"column":null}},"51":{"start":{"line":162,"column":27},"end":{"line":162,"column":null}},"52":{"start":{"line":165,"column":27},"end":{"line":165,"column":null}},"53":{"start":{"line":165,"column":48},"end":{"line":165,"column":null}},"54":{"start":{"line":166,"column":27},"end":{"line":166,"column":null}},"55":{"start":{"line":166,"column":33},"end":{"line":166,"column":null}},"56":{"start":{"line":167,"column":27},"end":{"line":167,"column":null}},"57":{"start":{"line":167,"column":33},"end":{"line":167,"column":null}}},"fnMap":{"0":{"name":"(anonymous_6)","decl":{"start":{"line":42,"column":2},"end":{"line":42,"column":8}},"loc":{"start":{"line":42,"column":80},"end":{"line":70,"column":null}}},"1":{"name":"(anonymous_7)","decl":{"start":{"line":78,"column":2},"end":{"line":78,"column":8}},"loc":{"start":{"line":78,"column":64},"end":{"line":87,"column":null}}},"2":{"name":"(anonymous_8)","decl":{"start":{"line":94,"column":2},"end":{"line":94,"column":8}},"loc":{"start":{"line":94,"column":39},"end":{"line":102,"column":null}}},"3":{"name":"(anonymous_9)","decl":{"start":{"line":110,"column":2},"end":{"line":110,"column":8}},"loc":{"start":{"line":110,"column":87},"end":{"line":123,"column":null}}},"4":{"name":"(anonymous_10)","decl":{"start":{"line":131,"column":2},"end":{"line":131,"column":8}},"loc":{"start":{"line":131,"column":104},"end":{"line":144,"column":null}}},"5":{"name":"(anonymous_11)","decl":{"start":{"line":151,"column":2},"end":{"line":151,"column":8}},"loc":{"start":{"line":151,"column":56},"end":{"line":158,"column":null}}},"6":{"name":"(anonymous_13)","decl":{"start":{"line":165,"column":27},"end":{"line":165,"column":28}},"loc":{"start":{"line":165,"column":48},"end":{"line":165,"column":null}}},"7":{"name":"(anonymous_14)","decl":{"start":{"line":166,"column":27},"end":{"line":166,"column":33}},"loc":{"start":{"line":166,"column":33},"end":{"line":166,"column":null}}},"8":{"name":"(anonymous_15)","decl":{"start":{"line":167,"column":27},"end":{"line":167,"column":33}},"loc":{"start":{"line":167,"column":33},"end":{"line":167,"column":null}}}},"branchMap":{"0":{"loc":{"start":{"line":12,"column":21},"end":{"line":12,"column":null}},"type":"binary-expr","locations":[{"start":{"line":12,"column":21},"end":{"line":12,"column":52}},{"start":{"line":12,"column":56},"end":{"line":12,"column":null}}]},"1":{"loc":{"start":{"line":46,"column":12},"end":{"line":46,"column":38}},"type":"binary-expr","locations":[{"start":{"line":46,"column":12},"end":{"line":46,"column":25}},{"start":{"line":46,"column":25},"end":{"line":46,"column":38}}]},"2":{"loc":{"start":{"line":54,"column":6},"end":{"line":68,"column":null}},"type":"if","locations":[{"start":{"line":54,"column":6},"end":{"line":68,"column":null}},{"start":{"line":60,"column":13},"end":{"line":68,"column":null}}]},"3":{"loc":{"start":{"line":60,"column":13},"end":{"line":68,"column":null}},"type":"if","locations":[{"start":{"line":60,"column":13},"end":{"line":68,"column":null}},{"start":{"line":64,"column":13},"end":{"line":68,"column":null}}]},"4":{"loc":{"start":{"line":80,"column":21},"end":{"line":80,"column":null}},"type":"cond-expr","locations":[{"start":{"line":80,"column":30},"end":{"line":80,"column":43}},{"start":{"line":80,"column":43},"end":{"line":80,"column":null}}]},"5":{"loc":{"start":{"line":117,"column":6},"end":{"line":119,"column":null}},"type":"if","locations":[{"start":{"line":117,"column":6},"end":{"line":119,"column":null}}]},"6":{"loc":{"start":{"line":118,"column":24},"end":{"line":118,"column":null}},"type":"binary-expr","locations":[{"start":{"line":118,"column":24},"end":{"line":118,"column":56}},{"start":{"line":118,"column":56},"end":{"line":118,"column":null}}]},"7":{"loc":{"start":{"line":136,"column":6},"end":{"line":139,"column":null}},"type":"if","locations":[{"start":{"line":136,"column":6},"end":{"line":139,"column":null}}]}},"s":{"0":10,"1":0,"2":0,"3":0,"4":3,"5":3,"6":5,"7":5,"8":5,"9":0,"10":5,"11":5,"12":0,"13":0,"14":0,"15":0,"16":5,"17":0,"18":0,"19":5,"20":5,"21":3,"22":3,"23":3,"24":0,"25":3,"26":3,"27":2,"28":2,"29":0,"30":2,"31":2,"32":0,"33":0,"34":0,"35":0,"36":0,"37":0,"38":0,"39":0,"40":0,"41":0,"42":0,"43":0,"44":0,"45":0,"46":0,"47":0,"48":0,"49":3,"50":3,"51":3,"52":3,"53":0,"54":3,"55":0,"56":3,"57":0},"f":{"0":5,"1":3,"2":2,"3":0,"4":0,"5":0,"6":0,"7":0,"8":0},"b":{"0":[3,2],"1":[5,0],"2":[0,5],"3":[0,5],"4":[0,3],"5":[0],"6":[0,0],"7":[0]}}
}
