TN:
SF:src/app/page.tsx
FN:6,Home
FNF:1
FNH:0
FNDA:0,Home
DA:3,0
DA:4,0
DA:6,0
LF:3
LH:0
BRF:0
BRH:0
end_of_record
TN:
SF:src/app/demo/page.tsx
FN:11,DemoPage
FN:15,(anonymous_3)
FN:19,(anonymous_4)
FN:21,(anonymous_5)
FNF:4
FNH:0
FNDA:0,DemoPage
FNDA:0,(anonymous_3)
FNDA:0,(anonymous_4)
FNDA:0,(anonymous_5)
DA:3,0
DA:4,0
DA:5,0
DA:11,0
DA:12,0
DA:13,0
DA:15,0
DA:16,0
DA:19,0
DA:20,0
DA:21,0
LF:11
LH:0
BRDA:58,0,0,0
BRDA:58,0,1,0
BRDA:66,1,0,0
BRDA:101,2,0,0
BRF:4
BRH:0
end_of_record
TN:
SF:src/components/BotAvatar.tsx
FN:17,(anonymous_3)
FNF:1
FNH:1
FNDA:36,(anonymous_3)
DA:17,4
DA:23,36
DA:29,36
DA:68,36
LF:4
LH:4
BRDA:19,0,0,5
BRDA:20,1,0,34
BRDA:21,2,0,35
BRDA:54,3,0,36
BRF:4
BRH:4
end_of_record
TN:
SF:src/components/ChatInterface.tsx
FN:27,ChatInterface
FN:41,(anonymous_3)
FN:53,(anonymous_4)
FN:54,(anonymous_5)
FN:66,(anonymous_6)
FN:74,(anonymous_7)
FN:78,(anonymous_8)
FN:96,(anonymous_9)
FN:101,(anonymous_10)
FN:104,(anonymous_11)
FN:108,(anonymous_12)
FN:118,(anonymous_13)
FN:129,(anonymous_14)
FN:137,(anonymous_15)
FN:151,(anonymous_16)
FN:155,(anonymous_17)
FN:159,(anonymous_18)
FN:165,(anonymous_19)
FN:173,(anonymous_20)
FN:176,(anonymous_21)
FN:183,(anonymous_22)
FN:191,(anonymous_23)
FN:194,(anonymous_24)
FN:200,(anonymous_25)
FN:212,(anonymous_26)
FN:226,(anonymous_27)
FN:247,(anonymous_28)
FN:258,(anonymous_29)
FNF:28
FNH:0
FNDA:0,ChatInterface
FNDA:0,(anonymous_3)
FNDA:0,(anonymous_4)
FNDA:0,(anonymous_5)
FNDA:0,(anonymous_6)
FNDA:0,(anonymous_7)
FNDA:0,(anonymous_8)
FNDA:0,(anonymous_9)
FNDA:0,(anonymous_10)
FNDA:0,(anonymous_11)
FNDA:0,(anonymous_12)
FNDA:0,(anonymous_13)
FNDA:0,(anonymous_14)
FNDA:0,(anonymous_15)
FNDA:0,(anonymous_16)
FNDA:0,(anonymous_17)
FNDA:0,(anonymous_18)
FNDA:0,(anonymous_19)
FNDA:0,(anonymous_20)
FNDA:0,(anonymous_21)
FNDA:0,(anonymous_22)
FNDA:0,(anonymous_23)
FNDA:0,(anonymous_24)
FNDA:0,(anonymous_25)
FNDA:0,(anonymous_26)
FNDA:0,(anonymous_27)
FNDA:0,(anonymous_28)
FNDA:0,(anonymous_29)
DA:3,0
DA:4,0
DA:5,0
DA:6,0
DA:7,0
DA:8,0
DA:9,0
DA:10,0
DA:11,0
DA:27,0
DA:28,0
DA:29,0
DA:30,0
DA:31,0
DA:32,0
DA:33,0
DA:34,0
DA:35,0
DA:36,0
DA:37,0
DA:38,0
DA:41,0
DA:42,0
DA:43,0
DA:47,0
DA:53,0
DA:54,0
DA:55,0
DA:56,0
DA:66,0
DA:67,0
DA:74,0
DA:76,0
DA:78,0
DA:79,0
DA:83,0
DA:87,0
DA:96,0
DA:97,0
DA:101,0
DA:102,0
DA:104,0
DA:106,0
DA:107,0
DA:108,0
DA:111,0
DA:112,0
DA:118,0
DA:119,0
DA:122,0
DA:125,0
DA:128,0
DA:129,0
DA:137,0
DA:140,0
DA:144,0
DA:151,0
DA:152,0
DA:155,0
DA:157,0
DA:159,0
DA:162,0
DA:165,0
DA:166,0
DA:173,0
DA:174,0
DA:176,0
DA:180,0
DA:183,0
DA:184,0
DA:191,0
DA:192,0
DA:194,0
DA:200,0
DA:201,0
DA:202,0
DA:205,0
DA:212,0
DA:213,0
DA:216,0
DA:218,0
DA:220,0
DA:226,0
DA:227,0
DA:228,0
DA:248,0
DA:259,0
LF:87
LH:0
BRDA:55,0,0,0
BRDA:76,1,0,0
BRDA:92,2,0,0
BRDA:92,2,1,0
BRDA:102,3,0,0
BRDA:102,4,0,0
BRDA:102,4,1,0
BRDA:102,4,2,0
BRDA:106,5,0,0
BRDA:119,6,0,0
BRDA:128,7,0,0
BRDA:128,8,0,0
BRDA:128,8,1,0
BRDA:236,9,0,0
BRDA:247,10,0,0
BRDA:247,10,1,0
BRDA:267,11,0,0
BRDA:267,11,1,0
BRDA:274,12,0,0
BRDA:295,13,0,0
BRDA:295,13,1,0
BRF:21
BRH:0
end_of_record
TN:
SF:src/components/ClientOnly.tsx
FN:10,ClientOnly
FN:13,(anonymous_2)
FNF:2
FNH:2
FNDA:20,ClientOnly
FNDA:10,(anonymous_2)
DA:3,1
DA:10,10
DA:11,20
DA:13,20
DA:14,10
DA:17,20
LF:6
LH:6
BRDA:10,0,0,0
BRDA:17,1,0,10
BRF:2
BRH:1
end_of_record
TN:
SF:src/components/FeedbackModal.tsx
FN:24,(anonymous_4)
FN:48,(anonymous_5)
FN:80,(anonymous_6)
FN:91,(anonymous_7)
FN:156,(anonymous_8)
FNF:5
FNH:0
FNDA:0,(anonymous_4)
FNDA:0,(anonymous_5)
FNDA:0,(anonymous_6)
FNDA:0,(anonymous_7)
FNDA:0,(anonymous_8)
DA:3,0
DA:5,0
DA:24,0
DA:35,0
DA:36,0
DA:37,0
DA:38,0
DA:40,0
DA:46,0
DA:48,0
DA:49,0
DA:50,0
DA:51,0
DA:54,0
DA:55,0
DA:57,0
DA:58,0
DA:71,0
DA:72,0
DA:74,0
DA:76,0
DA:80,0
DA:81,0
DA:82,0
DA:83,0
DA:85,0
DA:86,0
DA:88,0
DA:91,0
DA:92,0
DA:95,0
DA:156,0
DA:217,0
LF:33
LH:0
BRDA:46,0,0,0
BRDA:46,0,1,0
BRDA:49,1,0,0
BRDA:62,2,0,0
BRDA:62,2,1,0
BRDA:74,3,0,0
BRDA:74,3,1,0
BRDA:82,4,0,0
BRDA:85,5,0,0
BRDA:95,6,0,0
BRDA:166,7,0,0
BRDA:193,8,0,0
BRDA:193,8,1,0
BRDA:196,9,0,0
BRDA:196,9,1,0
BRDA:196,10,0,0
BRDA:196,10,1,0
BRDA:202,11,0,0
BRDA:202,11,1,0
BRF:19
BRH:0
end_of_record
TN:
SF:src/components/GreetingMessage.tsx
FN:21,(anonymous_4)
FN:40,(anonymous_5)
FN:47,(anonymous_6)
FN:51,(anonymous_7)
FN:56,(anonymous_8)
FN:198,(anonymous_9)
FN:199,(anonymous_10)
FN:208,(anonymous_11)
FN:226,(anonymous_12)
FN:252,getWeatherEmoji
FNF:10
FNH:6
FNDA:16,(anonymous_4)
FNDA:16,(anonymous_5)
FNDA:1,(anonymous_6)
FNDA:1,(anonymous_7)
FNDA:16,(anonymous_8)
FNDA:0,(anonymous_9)
FNDA:0,(anonymous_10)
FNDA:0,(anonymous_11)
FNDA:0,(anonymous_12)
FNDA:10,getWeatherEmoji
DA:4,1
DA:5,1
DA:6,1
DA:21,16
DA:28,16
DA:31,16
DA:37,16
DA:40,16
DA:41,16
DA:42,14
DA:47,16
DA:48,1
DA:51,16
DA:52,1
DA:56,16
DA:57,16
DA:58,1
DA:63,16
DA:88,15
DA:123,14
DA:198,1
DA:199,0
DA:200,0
DA:201,0
DA:202,0
DA:203,0
DA:204,0
DA:208,0
DA:209,0
DA:210,0
DA:211,0
DA:212,0
DA:213,0
DA:227,0
DA:253,10
DA:260,10
DA:263,1
LF:37
LH:24
BRDA:24,0,0,14
BRDA:25,1,0,15
BRDA:37,2,0,16
BRDA:37,2,1,15
BRDA:41,3,0,14
BRDA:57,4,0,1
BRDA:57,5,0,16
BRDA:57,5,1,10
BRDA:63,6,0,1
BRDA:88,7,0,1
BRDA:123,8,0,10
BRDA:200,9,0,0
BRDA:200,9,1,0
BRDA:200,9,2,0
BRDA:200,9,3,0
BRDA:209,10,0,0
BRDA:209,10,1,0
BRDA:209,10,2,0
BRDA:209,10,3,0
BRDA:260,11,0,10
BRDA:260,11,1,1
BRF:21
BRH:13
end_of_record
TN:
SF:src/components/Header.tsx
FN:1,Header
FNF:1
FNH:0
FNDA:0,Header
DA:1,0
LF:1
LH:0
BRF:0
BRH:0
end_of_record
TN:
SF:src/components/IntentPredictionBubble.tsx
FN:18,(anonymous_4)
FN:33,(anonymous_5)
FN:42,(anonymous_6)
FNF:3
FNH:0
FNDA:0,(anonymous_4)
FNDA:0,(anonymous_5)
FNDA:0,(anonymous_6)
DA:4,0
DA:18,0
DA:25,0
DA:31,0
DA:33,0
DA:34,0
DA:35,0
DA:36,0
DA:37,0
DA:38,0
DA:42,0
DA:43,0
DA:44,0
DA:45,0
DA:46,0
DA:47,0
DA:98,0
LF:17
LH:0
BRDA:21,0,0,0
BRDA:22,1,0,0
BRDA:31,2,0,0
BRDA:31,2,1,0
BRDA:34,3,0,0
BRDA:34,3,1,0
BRDA:34,3,2,0
BRDA:34,3,3,0
BRDA:43,4,0,0
BRDA:43,4,1,0
BRDA:43,4,2,0
BRDA:43,4,3,0
BRDA:54,5,0,0
BRDA:54,5,1,0
BRF:14
BRH:0
end_of_record
TN:
SF:src/components/LoadingIndicator.tsx
FN:17,(anonymous_4)
FN:22,(anonymous_5)
FN:30,(anonymous_6)
FNF:3
FNH:3
FNDA:9,(anonymous_4)
FNDA:9,(anonymous_5)
FNDA:27,(anonymous_6)
DA:4,1
DA:17,1
DA:22,9
DA:23,9
DA:24,2
DA:25,1
DA:26,6
DA:30,9
DA:31,27
DA:32,6
DA:33,3
DA:34,18
DA:76,9
LF:13
LH:13
BRDA:19,0,0,4
BRDA:20,1,0,8
BRDA:23,2,0,2
BRDA:23,2,1,1
BRDA:23,2,2,6
BRDA:31,3,0,6
BRDA:31,3,1,3
BRDA:31,3,2,18
BRF:8
BRH:8
end_of_record
TN:
SF:src/components/MessageBubble.tsx
FN:20,(anonymous_4)
FNF:1
FNH:1
FNDA:10,(anonymous_4)
DA:4,1
DA:5,1
DA:20,1
DA:27,10
DA:30,10
DA:36,10
DA:93,10
LF:7
LH:7
BRDA:25,0,0,6
BRDA:36,1,0,10
BRDA:36,1,1,7
BRDA:40,2,0,6
BRDA:40,2,1,4
BRDA:41,3,0,9
BRDA:41,3,1,1
BRDA:41,4,0,5
BRDA:41,4,1,4
BRDA:44,5,0,6
BRDA:44,5,1,4
BRDA:46,6,0,10
BRDA:56,7,0,6
BRDA:56,7,1,4
BRDA:62,8,0,10
BRDA:77,9,0,6
BRDA:77,9,1,4
BRDA:82,10,0,6
BRDA:82,10,1,4
BRF:19
BRH:19
end_of_record
TN:
SF:src/components/MessageInput.tsx
FN:15,(anonymous_3)
FN:24,(anonymous_4)
FN:49,(anonymous_5)
FN:57,(anonymous_6)
FN:64,(anonymous_7)
FN:65,(anonymous_8)
FN:74,(anonymous_9)
FNF:7
FNH:7
FNDA:46,(anonymous_3)
FNDA:46,(anonymous_4)
FNDA:3,(anonymous_5)
FNDA:38,(anonymous_6)
FNDA:3,(anonymous_7)
FNDA:2,(anonymous_8)
FNDA:37,(anonymous_9)
DA:3,1
DA:15,1
DA:19,46
DA:20,46
DA:21,46
DA:24,46
DA:25,46
DA:27,46
DA:30,46
DA:31,46
DA:32,46
DA:34,46
DA:37,46
DA:38,0
DA:39,0
DA:40,0
DA:42,46
DA:43,46
DA:44,46
DA:49,46
DA:50,3
DA:51,3
DA:52,3
DA:53,3
DA:57,46
DA:58,38
DA:59,1
DA:60,1
DA:64,46
DA:65,46
DA:74,37
DA:151,6
LF:32
LH:29
BRDA:17,0,0,45
BRDA:25,1,0,46
BRDA:37,2,0,0
BRDA:37,2,1,46
BRDA:51,3,0,3
BRDA:51,4,0,3
BRDA:51,4,1,3
BRDA:58,5,0,1
BRDA:58,6,0,38
BRDA:58,6,1,1
BRDA:87,7,0,38
BRDA:87,7,1,8
BRDA:91,8,0,1
BRDA:91,8,1,45
BRDA:101,9,0,46
BRDA:111,10,0,46
BRDA:111,10,1,37
BRDA:117,11,0,9
BRDA:117,11,1,37
BRDA:117,12,0,46
BRDA:117,12,1,37
BRDA:124,13,0,1
BRF:22
BRH:21
end_of_record
TN:
SF:src/components/StarRating.tsx
FN:18,(anonymous_3)
FN:41,(anonymous_4)
FN:47,(anonymous_5)
FN:53,(anonymous_6)
FN:59,(anonymous_7)
FN:74,(anonymous_8)
FN:85,(anonymous_9)
FN:86,(anonymous_10)
FNF:8
FNH:0
FNDA:0,(anonymous_3)
FNDA:0,(anonymous_4)
FNDA:0,(anonymous_5)
FNDA:0,(anonymous_6)
FNDA:0,(anonymous_7)
FNDA:0,(anonymous_8)
FNDA:0,(anonymous_9)
FNDA:0,(anonymous_10)
DA:3,0
DA:18,0
DA:25,0
DA:27,0
DA:33,0
DA:41,0
DA:42,0
DA:43,0
DA:47,0
DA:48,0
DA:49,0
DA:53,0
DA:54,0
DA:55,0
DA:59,0
DA:60,0
DA:61,0
DA:62,0
DA:64,0
DA:75,0
DA:85,0
DA:86,0
DA:118,0
LF:23
LH:0
BRDA:21,0,0,0
BRDA:22,1,0,0
BRDA:23,2,0,0
BRDA:42,3,0,0
BRDA:48,4,0,0
BRDA:54,5,0,0
BRDA:60,6,0,0
BRDA:60,6,1,0
BRDA:61,7,0,0
BRDA:81,8,0,0
BRDA:81,8,1,0
BRDA:104,9,0,0
BRDA:104,9,1,0
BRDA:104,9,2,0
BRDA:106,10,0,0
BRDA:106,10,1,0
BRDA:112,11,0,0
BRDA:112,11,1,0
BRF:18
BRH:0
end_of_record
TN:
SF:src/hooks/useGreeting.ts
FN:21,(anonymous_1)
FN:32,(anonymous_2)
FN:52,(anonymous_3)
FNF:3
FNH:3
FNDA:19,(anonymous_1)
FNDA:10,(anonymous_2)
FNDA:2,(anonymous_3)
DA:3,2
DA:4,2
DA:21,20
DA:22,19
DA:23,19
DA:24,19
DA:26,19
DA:32,19
DA:33,10
DA:34,10
DA:35,10
DA:37,10
DA:39,6
DA:40,6
DA:42,4
DA:43,4
DA:44,4
DA:45,4
DA:52,19
DA:53,2
DA:54,2
DA:55,2
DA:59,19
LF:23
LH:23
BRDA:42,0,0,3
BRDA:42,0,1,1
BRDA:54,1,0,2
BRF:3
BRH:3
end_of_record
TN:
SF:src/hooks/useSilenceTracker.ts
FN:32,(anonymous_3)
FN:41,(anonymous_4)
FN:54,(anonymous_5)
FN:62,(anonymous_6)
FN:64,(anonymous_7)
FN:75,(anonymous_8)
FN:83,(anonymous_9)
FN:94,(anonymous_10)
FN:102,(anonymous_11)
FN:110,(anonymous_12)
FN:113,(anonymous_13)
FN:138,(anonymous_14)
FN:151,(anonymous_15)
FN:156,(anonymous_16)
FN:157,(anonymous_17)
FN:176,(anonymous_18)
FN:187,(anonymous_19)
FN:196,(anonymous_20)
FN:197,(anonymous_21)
FNF:19
FNH:0
FNDA:0,(anonymous_3)
FNDA:0,(anonymous_4)
FNDA:0,(anonymous_5)
FNDA:0,(anonymous_6)
FNDA:0,(anonymous_7)
FNDA:0,(anonymous_8)
FNDA:0,(anonymous_9)
FNDA:0,(anonymous_10)
FNDA:0,(anonymous_11)
FNDA:0,(anonymous_12)
FNDA:0,(anonymous_13)
FNDA:0,(anonymous_14)
FNDA:0,(anonymous_15)
FNDA:0,(anonymous_16)
FNDA:0,(anonymous_17)
FNDA:0,(anonymous_18)
FNDA:0,(anonymous_19)
FNDA:0,(anonymous_20)
FNDA:0,(anonymous_21)
DA:3,0
DA:4,0
DA:32,0
DA:41,0
DA:49,0
DA:50,0
DA:51,0
DA:54,0
DA:55,0
DA:62,0
DA:63,0
DA:64,0
DA:72,0
DA:75,0
DA:76,0
DA:83,0
DA:84,0
DA:85,0
DA:86,0
DA:87,0
DA:94,0
DA:95,0
DA:96,0
DA:102,0
DA:103,0
DA:104,0
DA:110,0
DA:112,0
DA:113,0
DA:114,0
DA:117,0
DA:119,0
DA:121,0
DA:122,0
DA:132,0
DA:134,0
DA:135,0
DA:138,0
DA:144,0
DA:151,0
DA:152,0
DA:153,0
DA:156,0
DA:157,0
DA:158,0
DA:159,0
DA:161,0
DA:168,0
DA:169,0
DA:172,0
DA:176,0
DA:177,0
DA:178,0
DA:179,0
DA:187,0
DA:188,0
DA:189,0
DA:196,0
DA:197,0
DA:198,0
DA:199,0
DA:204,0
DA:213,0
LF:63
LH:0
BRDA:35,0,0,0
BRDA:37,1,0,0
BRDA:85,2,0,0
BRDA:114,3,0,0
BRDA:114,3,1,0
BRDA:117,4,0,0
BRDA:134,5,0,0
BRDA:134,6,0,0
BRDA:134,6,1,0
BRDA:152,7,0,0
BRDA:152,8,0,0
BRDA:152,8,1,0
BRDA:168,9,0,0
BRDA:177,10,0,0
BRDA:188,11,0,0
BRDA:198,12,0,0
BRF:16
BRH:0
end_of_record
TN:
SF:src/services/chatService.ts
FN:42,(anonymous_6)
FN:78,(anonymous_7)
FN:94,(anonymous_8)
FN:110,(anonymous_9)
FN:131,(anonymous_10)
FN:151,(anonymous_11)
FN:165,(anonymous_13)
FN:166,(anonymous_14)
FN:167,(anonymous_15)
FNF:9
FNH:3
FNDA:5,(anonymous_6)
FNDA:3,(anonymous_7)
FNDA:2,(anonymous_8)
FNDA:0,(anonymous_9)
FNDA:0,(anonymous_10)
FNDA:0,(anonymous_11)
FNDA:0,(anonymous_13)
FNDA:0,(anonymous_14)
FNDA:0,(anonymous_15)
DA:1,3
DA:12,3
DA:19,3
DA:27,3
DA:43,5
DA:44,5
DA:48,5
DA:49,0
DA:51,5
DA:54,5
DA:56,0
DA:57,0
DA:58,0
DA:59,0
DA:60,5
DA:62,0
DA:63,0
DA:66,5
DA:67,5
DA:79,3
DA:80,3
DA:81,3
DA:82,0
DA:84,3
DA:85,3
DA:95,2
DA:96,2
DA:97,0
DA:99,2
DA:100,2
DA:111,0
DA:112,0
DA:113,0
DA:115,0
DA:117,0
DA:118,0
DA:121,0
DA:132,0
DA:133,0
DA:134,0
DA:136,0
DA:138,0
DA:141,0
DA:142,0
DA:152,0
DA:153,0
DA:155,0
DA:162,10
DA:165,3
DA:166,3
DA:167,3
LF:51
LH:25
BRDA:12,0,0,3
BRDA:12,0,1,2
BRDA:46,1,0,5
BRDA:46,1,1,0
BRDA:54,2,0,0
BRDA:54,2,1,5
BRDA:60,3,0,0
BRDA:60,3,1,5
BRDA:80,4,0,0
BRDA:80,4,1,3
BRDA:117,5,0,0
BRDA:118,6,0,0
BRDA:118,6,1,0
BRDA:136,7,0,0
BRF:14
BRH:6
end_of_record
