TN:
SF:src/app/page.tsx
FN:6,Home
FNF:1
FNH:0
FNDA:0,Home
DA:3,0
DA:4,0
DA:6,0
LF:3
LH:0
BRF:0
BRH:0
end_of_record
TN:
SF:src/components/ChatInterface.tsx
FN:15,ChatInterface
FN:27,(anonymous_3)
FN:31,(anonymous_4)
FN:35,(anonymous_5)
FN:46,(anonymous_6)
FN:61,(anonymous_7)
FN:73,(anonymous_8)
FN:83,(anonymous_9)
FNF:8
FNH:0
FNDA:0,ChatInterface
FNDA:0,(anonymous_3)
FNDA:0,(anonymous_4)
FNDA:0,(anonymous_5)
FNDA:0,(anonymous_6)
FNDA:0,(anonymous_7)
FNDA:0,(anonymous_8)
FNDA:0,(anonymous_9)
DA:3,0
DA:4,0
DA:5,0
DA:6,0
DA:15,0
DA:16,0
DA:24,0
DA:25,0
DA:27,0
DA:28,0
DA:31,0
DA:32,0
DA:35,0
DA:36,0
DA:39,0
DA:46,0
DA:47,0
DA:49,0
DA:51,0
DA:54,0
DA:61,0
DA:63,0
DA:66,0
DA:73,0
DA:75,0
DA:84,0
LF:26
LH:0
BRDA:36,0,0,0
BRDA:91,1,0,0
BRF:2
BRH:0
end_of_record
TN:
SF:src/components/ClientOnly.tsx
FN:10,ClientOnly
FN:13,(anonymous_2)
FNF:2
FNH:2
FNDA:8,ClientOnly
FNDA:4,(anonymous_2)
DA:3,1
DA:10,4
DA:11,8
DA:13,8
DA:14,4
DA:17,8
LF:6
LH:6
BRDA:10,0,0,0
BRDA:17,1,0,4
BRF:2
BRH:1
end_of_record
TN:
SF:src/components/Header.tsx
FN:1,Header
FNF:1
FNH:0
FNDA:0,Header
DA:1,0
LF:1
LH:0
BRF:0
BRH:0
end_of_record
TN:
SF:src/components/MessageBubble.tsx
FN:11,MessageBubble
FNF:1
FNH:1
FNDA:4,MessageBubble
DA:3,1
DA:11,4
DA:12,4
LF:3
LH:3
BRDA:15,0,0,2
BRDA:15,0,1,2
BRDA:17,1,0,2
BRDA:17,1,1,2
BRDA:22,2,0,2
BRDA:22,2,1,2
BRDA:24,3,0,2
BRDA:24,3,1,2
BRF:8
BRH:8
end_of_record
TN:
SF:src/components/MessageInput.tsx
FN:10,MessageInput
FN:13,(anonymous_2)
FN:21,(anonymous_3)
FN:32,(anonymous_4)
FNF:4
FNH:4
FNDA:46,MessageInput
FNDA:3,(anonymous_2)
FNDA:38,(anonymous_3)
FNDA:37,(anonymous_4)
DA:3,1
DA:10,6
DA:11,46
DA:13,46
DA:14,3
DA:15,3
DA:16,3
DA:17,3
DA:21,46
DA:22,38
DA:23,1
DA:24,1
DA:32,37
LF:13
LH:13
BRDA:10,0,0,45
BRDA:15,1,0,3
BRDA:15,2,0,3
BRDA:15,2,1,3
BRDA:22,3,0,1
BRDA:22,4,0,38
BRDA:22,4,1,1
BRDA:41,5,0,46
BRDA:41,5,1,37
BRF:9
BRH:9
end_of_record
TN:
SF:src/services/chatService.ts
FN:21,(anonymous_4)
FN:31,(anonymous_5)
FNF:2
FNH:0
FNDA:0,(anonymous_4)
FNDA:0,(anonymous_5)
DA:1,0
DA:3,0
DA:14,0
DA:21,0
DA:22,0
DA:23,0
DA:24,0
DA:26,0
DA:27,0
DA:31,0
DA:32,0
DA:33,0
DA:34,0
DA:36,0
DA:37,0
LF:15
LH:0
BRDA:3,0,0,0
BRDA:3,0,1,0
BRF:2
BRH:0
end_of_record
